29.2610 	WARNING 	Font Manager failed to load file /System/Library/PrivateFrameworks/FontServices.framework/Resources/Reserved/PingFangUI.ttc
29.4680 	WARNING 	Font Manager failed to load file /System/Library/PrivateFrameworks/FontServices.framework/Resources/Reserved/PingFangUI.ttc
34.5285 	INFO 	Loaded monitor calibration from ['2025_08_12 09:40']
34.5410 	WARNING 	User requested fullscreen with size [1024  768], but screen is actually [1440, 900]. Using actual size
34.8053 	INFO 	Using renderer 'Intel(R) Iris(TM) Plus Graphics 655' for graphics
34.8053 	INFO 	OpenGL version supported by driver is 2..
34.8257 	EXP 	Created window1 = Window(allowGUI=False, allowStencil=False, autoLog=True, backendConf=UNKNOWN, backgroundFit=<method-wrapper '__getattribute__' of attributeSetter object at 0x134042830>, backgroundImage=<method-wrapper '__getattribute__' of attributeSetter object at 0x134042890>, bitsMode=UNKNOWN, blendMode='avg', bpc=(8, 8, 8), color=array([0, 0, 0]), colorSpace='rgb', depthBits=8, fullscr=True, gamma=None, gammaErrorPolicy='raise', infoMsg=UNKNOWN, lms=UNKNOWN, monitor=<psychopy.monitors.calibTools.Monitor object at 0x134083f10>, multiSample=False, name='window1', numSamples=2, pos=[np.float64(0.0), np.float64(0.0)], screen=0, size=array([2880, 1800]), stencilBits=0, stereo=False, title='PsychoPy', units='height', useFBO=True, useRetina=True, viewOri=0.0, viewPos=None, viewScale=None, waitBlanking=True, winType='pyglet')
34.8258 	EXP 	window1: backgroundImage = ''
34.8258 	EXP 	window1: backgroundFit = 'none'
35.3050 	EXP 	window1: Attempting to measure frame rate of screen (0) ...
35.3050 	EXP 	window1: recordFrameIntervals = False
35.7584 	EXP 	window1: recordFrameIntervals = True
35.7951 	WARNING 	t of last frame was 25.23ms (=1/39)
35.9276 	WARNING 	t of last frame was 22.31ms (=1/44)
36.0858 	EXP 	Screen (0) actual frame rate measured at 83.89Hz
36.0858 	EXP 	window1: recordFrameIntervals = False
38.5512 	INFO 	keyboard.Keyboard is using ptb backend.
38.9536 	INFO 	keyboard.Keyboard is using ptb backend.
38.9536 	EXP 	stroop: status = STARTED
39.0044 	EXP 	Created text_2 = TextStim(__class__=<class 'psychopy.visual.text.TextStim'>, alignHoriz=method-wrapper(...), alignText='center', alignVert=method-wrapper(...), anchorHoriz='center', anchorVert='center', antialias=True, autoDraw=False, autoLog=True, bold=False, color=array([1., 1., 1.]), colorSpace='rgb', contrast=1.0, depth=0.0, draggable=False, flipHoriz=False, flipVert=False, font='Arial', fontFiles=[], height=np.float64(0.05), italic=False, languageStyle='LTR', name='text_2', opacity=1, ori=0.0, pos=array([0., 0.]), rgb=UNKNOWN, text='Welcome', units='height', win=Window(...), wrapWidth=1)
39.0112 	EXP 	Created fixation = ShapeStim(__class__=<class 'psychopy.visual.shape.ShapeStim'>, anchor=('center', 'center'), autoDraw=False, autoLog=True, closeShape=True, color=method-wrapper(...), colorSpace='rgb', contrast=None, depth=0.0, draggable=False, fillColor=array([1, 1, 1]), fillColorSpace='rgb', fillRGB=array([1, 1, 1]), interpolate=True, lineColor=array([1., 1., 1.]), lineColorSpace='rgb', lineRGB=array([1, 1, 1]), lineWidth=1.0, name='fixation', opacity=1, ori=0.0, pos=array([0., 0.]), size=array([10., 10.]), units='pix', vertices=ndarray(...), win=Window(...), windingRule=None)
39.0125 	EXP 	Created text = TextStim(__class__=<class 'psychopy.visual.text.TextStim'>, alignHoriz=method-wrapper(...), alignText='center', alignVert=method-wrapper(...), anchorHoriz='center', anchorVert='center', antialias=True, autoDraw=False, autoLog=True, bold=False, color=array([1., 1., 1.]), colorSpace='rgb', contrast=1.0, depth=-1.0, draggable=False, flipHoriz=False, flipVert=False, font='Arial', fontFiles=[], height=0.05, italic=False, languageStyle='LTR', name='text', opacity=1, ori=0.0, pos=array([0., 0.]), rgb=UNKNOWN, text='', units='height', win=Window(...), wrapWidth=1)
39.0214 	EXP 	Created text_3 = TextStim(__class__=<class 'psychopy.visual.text.TextStim'>, alignHoriz=method-wrapper(...), alignText='center', alignVert=method-wrapper(...), anchorHoriz='center', anchorVert='center', antialias=True, autoDraw=False, autoLog=True, bold=False, color=array([1., 1., 1.]), colorSpace='rgb', contrast=1.0, depth=0.0, draggable=False, flipHoriz=False, flipVert=False, font='Arial', fontFiles=[], height=np.float64(0.05), italic=False, languageStyle='LTR', name='text_3', opacity=1, ori=0.0, pos=array([0., 0.]), rgb=UNKNOWN, text='Thank you', units='height', win=Window(...), wrapWidth=1)
0.0330 	EXP 	text_2: autoDraw = True
1.0168 	EXP 	Imported /Users/ayk-j/Desktop/Stroop Task/Conditions.xlsx as conditions, 4 conditions, 4 params
1.0177 	EXP 	New trial (rep=0, index=0): <Trial 0 (0 in rep 0) data={'word': 'BLUE', 'colour': 'red', 'stim_condition': 'I', 'correct_res': 'r', 'thisN': 0, 'thisTrialN': 0, 'thisRepN': 0}>
1.0370 	EXP 	text_2: autoDraw = False
1.0370 	EXP 	text: foreColor = <psychopy.colors.Color: red, alpha=1.0>
1.0370 	EXP 	text: height = np.float64(0.05)
1.0370 	EXP 	text: height = np.float64(0.05)
1.0370 	EXP 	text: height = np.float64(0.05)
1.0370 	EXP 	text: text = 'BLUE'
1.0370 	EXP 	fixation: autoDraw = True
1.4980 	EXP 	fixation: autoDraw = False
1.4980 	EXP 	text: autoDraw = True
2.6368 	EXP 	Device response: <KeyPress from None: t=2.355393339999864, value=r, duration=None>
2.6371 	EXP 	Device response: <KeyPress from None: t=2.355393339999864, value=r, duration=0.14170966999881784>
2.6373 	EXP 	New trial (rep=0, index=1): <Trial 1 (1 in rep 0) data={'word': 'BLUE', 'colour': 'blue', 'stim_condition': 'C', 'correct_res': 'b', 'thisN': 1, 'thisTrialN': 1, 'thisRepN': 0}>
2.6429 	DATA 	Keypress: r
2.6578 	EXP 	fixation: autoDraw = False
2.6578 	EXP 	text: autoDraw = False
2.6578 	EXP 	text: foreColor = <psychopy.colors.Color: blue, alpha=1.0>
2.6578 	EXP 	text: text = 'BLUE'
2.6578 	EXP 	fixation: autoDraw = True
3.1297 	EXP 	fixation: autoDraw = False
3.1297 	EXP 	text: autoDraw = True
3.8460 	EXP 	Device response: <KeyPress from None: t=3.8389644069975475, value=b, duration=None>
3.8462 	EXP 	New trial (rep=0, index=2): <Trial 2 (2 in rep 0) data={'word': 'RED', 'colour': 'blue', 'stim_condition': 'I', 'correct_res': 'b', 'thisN': 2, 'thisTrialN': 2, 'thisRepN': 0}>
3.8529 	DATA 	Keypress: b
3.8597 	EXP 	fixation: autoDraw = False
3.8597 	EXP 	text: autoDraw = False
3.8597 	EXP 	text: foreColor = <psychopy.colors.Color: blue, alpha=1.0>
3.8597 	EXP 	text: height = np.float64(0.05)
3.8597 	EXP 	text: height = np.float64(0.05)
3.8597 	EXP 	text: height = np.float64(0.05)
3.8597 	EXP 	text: text = 'RED'
3.8597 	EXP 	fixation: autoDraw = True
4.0064 	EXP 	Device response: <KeyPress from None: t=3.8389644069975475, value=b, duration=0.15625276700302493>
4.3458 	EXP 	fixation: autoDraw = False
4.3458 	EXP 	text: autoDraw = True
4.8562 	EXP 	Device response: <KeyPress from None: t=4.852935904997139, value=b, duration=None>
4.8565 	EXP 	New trial (rep=0, index=3): <Trial 3 (3 in rep 0) data={'word': 'RED', 'colour': 'red', 'stim_condition': 'C', 'correct_res': 'r', 'thisN': 3, 'thisTrialN': 3, 'thisRepN': 0}>
4.8623 	DATA 	Keypress: b
4.8688 	EXP 	fixation: autoDraw = False
4.8688 	EXP 	text: autoDraw = False
4.8688 	EXP 	text: foreColor = <psychopy.colors.Color: red, alpha=1.0>
4.8688 	EXP 	text: text = 'RED'
4.8688 	EXP 	fixation: autoDraw = True
5.0060 	EXP 	Device response: <KeyPress from None: t=4.852935904997139, value=b, duration=0.14407758900051704>
5.3558 	EXP 	fixation: autoDraw = False
5.3558 	EXP 	text: autoDraw = True
5.7225 	EXP 	Device response: <KeyPress from None: t=5.712772677998146, value=r, duration=None>
5.7227 	EXP 	New trial (rep=1, index=0): <Trial 4 (0 in rep 1) data={'word': 'RED', 'colour': 'red', 'stim_condition': 'C', 'correct_res': 'r', 'thisN': 4, 'thisTrialN': 0, 'thisRepN': 1}>
5.7253 	DATA 	Keypress: r
5.7309 	EXP 	fixation: autoDraw = False
5.7309 	EXP 	text: autoDraw = False
5.7309 	EXP 	text: foreColor = <psychopy.colors.Color: red, alpha=1.0>
5.7309 	EXP 	text: text = 'RED'
5.7309 	EXP 	fixation: autoDraw = True
5.8226 	EXP 	Device response: <KeyPress from None: t=5.712772677998146, value=r, duration=0.10033234200091101>
6.2133 	EXP 	fixation: autoDraw = False
6.2133 	EXP 	text: autoDraw = True
6.6233 	EXP 	Device response: <KeyPress from None: t=6.61981352300063, value=r, duration=None>
6.6236 	EXP 	New trial (rep=1, index=1): <Trial 5 (1 in rep 1) data={'word': 'BLUE', 'colour': 'red', 'stim_condition': 'I', 'correct_res': 'r', 'thisN': 5, 'thisTrialN': 1, 'thisRepN': 1}>
6.6279 	DATA 	Keypress: r
6.6337 	EXP 	fixation: autoDraw = False
6.6337 	EXP 	text: autoDraw = False
6.6337 	EXP 	text: foreColor = <psychopy.colors.Color: red, alpha=1.0>
6.6337 	EXP 	text: height = np.float64(0.05)
6.6337 	EXP 	text: height = np.float64(0.05)
6.6337 	EXP 	text: height = np.float64(0.05)
6.6337 	EXP 	text: text = 'BLUE'
6.6337 	EXP 	fixation: autoDraw = True
6.7566 	EXP 	Device response: <KeyPress from None: t=6.61981352300063, value=r, duration=0.128248586999689>
7.1224 	EXP 	fixation: autoDraw = False
7.1224 	EXP 	text: autoDraw = True
7.6133 	EXP 	Device response: <KeyPress from None: t=7.609893398999702, value=r, duration=None>
7.6136 	EXP 	New trial (rep=1, index=2): <Trial 6 (2 in rep 1) data={'word': 'RED', 'colour': 'blue', 'stim_condition': 'I', 'correct_res': 'b', 'thisN': 6, 'thisTrialN': 2, 'thisRepN': 1}>
7.6179 	DATA 	Keypress: r
7.6253 	EXP 	fixation: autoDraw = False
7.6253 	EXP 	text: autoDraw = False
7.6253 	EXP 	text: foreColor = <psychopy.colors.Color: blue, alpha=1.0>
7.6253 	EXP 	text: height = np.float64(0.05)
7.6253 	EXP 	text: height = np.float64(0.05)
7.6253 	EXP 	text: height = np.float64(0.05)
7.6253 	EXP 	text: text = 'RED'
7.6253 	EXP 	fixation: autoDraw = True
7.7562 	EXP 	Device response: <KeyPress from None: t=7.609893398999702, value=r, duration=0.14412815700052306>
8.1139 	EXP 	fixation: autoDraw = False
8.1139 	EXP 	text: autoDraw = True
8.5065 	EXP 	Device response: <KeyPress from None: t=8.501678360997175, value=b, duration=None>
8.5067 	EXP 	New trial (rep=1, index=3): <Trial 7 (3 in rep 1) data={'word': 'BLUE', 'colour': 'blue', 'stim_condition': 'C', 'correct_res': 'b', 'thisN': 7, 'thisTrialN': 3, 'thisRepN': 1}>
8.5111 	DATA 	Keypress: b
8.5176 	EXP 	fixation: autoDraw = False
8.5176 	EXP 	text: autoDraw = False
8.5176 	EXP 	text: foreColor = <psychopy.colors.Color: blue, alpha=1.0>
8.5176 	EXP 	text: height = np.float64(0.05)
8.5176 	EXP 	text: height = np.float64(0.05)
8.5176 	EXP 	text: height = np.float64(0.05)
8.5176 	EXP 	text: text = 'BLUE'
8.5176 	EXP 	fixation: autoDraw = True
8.6395 	EXP 	Device response: <KeyPress from None: t=8.501678360997175, value=b, duration=0.13620050900135539>
9.0056 	EXP 	fixation: autoDraw = False
9.0056 	EXP 	text: autoDraw = True
9.3897 	EXP 	Device response: <KeyPress from None: t=9.387617371998203, value=b, duration=None>
9.3900 	EXP 	New trial (rep=2, index=0): <Trial 8 (0 in rep 2) data={'word': 'BLUE', 'colour': 'red', 'stim_condition': 'I', 'correct_res': 'r', 'thisN': 8, 'thisTrialN': 0, 'thisRepN': 2}>
9.3925 	DATA 	Keypress: b
9.3992 	EXP 	fixation: autoDraw = False
9.3992 	EXP 	text: autoDraw = False
9.3992 	EXP 	text: foreColor = <psychopy.colors.Color: red, alpha=1.0>
9.3992 	EXP 	text: text = 'BLUE'
9.3992 	EXP 	fixation: autoDraw = True
9.5554 	EXP 	Device response: <KeyPress from None: t=9.387617371998203, value=b, duration=0.16034330600086832>
9.8886 	EXP 	fixation: autoDraw = False
9.8886 	EXP 	text: autoDraw = True
10.3228 	EXP 	Device response: <KeyPress from None: t=10.320558879997407, value=r, duration=None>
10.3231 	EXP 	New trial (rep=2, index=1): <Trial 9 (1 in rep 2) data={'word': 'RED', 'colour': 'blue', 'stim_condition': 'I', 'correct_res': 'b', 'thisN': 9, 'thisTrialN': 1, 'thisRepN': 2}>
10.3274 	DATA 	Keypress: r
10.3338 	EXP 	fixation: autoDraw = False
10.3338 	EXP 	text: autoDraw = False
10.3338 	EXP 	text: foreColor = <psychopy.colors.Color: blue, alpha=1.0>
10.3338 	EXP 	text: height = np.float64(0.05)
10.3338 	EXP 	text: height = np.float64(0.05)
10.3338 	EXP 	text: height = np.float64(0.05)
10.3338 	EXP 	text: text = 'RED'
10.3338 	EXP 	fixation: autoDraw = True
10.4628 	EXP 	Device response: <KeyPress from None: t=10.320558879997407, value=r, duration=0.14018470399969374>
10.8138 	EXP 	fixation: autoDraw = False
10.8138 	EXP 	text: autoDraw = True
11.3894 	EXP 	Device response: <KeyPress from None: t=11.380483652999828, value=b, duration=None>
11.3897 	EXP 	New trial (rep=2, index=2): <Trial 10 (2 in rep 2) data={'word': 'BLUE', 'colour': 'blue', 'stim_condition': 'C', 'correct_res': 'b', 'thisN': 10, 'thisTrialN': 2, 'thisRepN': 2}>
11.3940 	DATA 	Keypress: b
11.4006 	EXP 	fixation: autoDraw = False
11.4006 	EXP 	text: autoDraw = False
11.4006 	EXP 	text: foreColor = <psychopy.colors.Color: blue, alpha=1.0>
11.4006 	EXP 	text: height = np.float64(0.05)
11.4006 	EXP 	text: height = np.float64(0.05)
11.4006 	EXP 	text: height = np.float64(0.05)
11.4006 	EXP 	text: text = 'BLUE'
11.4006 	EXP 	fixation: autoDraw = True
11.5228 	EXP 	Device response: <KeyPress from None: t=11.380483652999828, value=b, duration=0.14024728599906666>
11.8804 	EXP 	fixation: autoDraw = False
11.8804 	EXP 	text: autoDraw = True
12.3634 	EXP 	Device response: <KeyPress from None: t=12.358543602997088, value=b, duration=None>
12.3637 	EXP 	New trial (rep=2, index=3): <Trial 11 (3 in rep 2) data={'word': 'RED', 'colour': 'red', 'stim_condition': 'C', 'correct_res': 'r', 'thisN': 11, 'thisTrialN': 3, 'thisRepN': 2}>
12.3682 	DATA 	Keypress: b
12.3757 	EXP 	fixation: autoDraw = False
12.3757 	EXP 	text: autoDraw = False
12.3757 	EXP 	text: foreColor = <psychopy.colors.Color: red, alpha=1.0>
12.3757 	EXP 	text: height = np.float64(0.05)
12.3757 	EXP 	text: height = np.float64(0.05)
12.3757 	EXP 	text: height = np.float64(0.05)
12.3757 	EXP 	text: text = 'RED'
12.3757 	EXP 	fixation: autoDraw = True
12.5130 	EXP 	Device response: <KeyPress from None: t=12.358543602997088, value=b, duration=0.14845204500306863>
12.8639 	EXP 	fixation: autoDraw = False
12.8639 	EXP 	text: autoDraw = True
13.2465 	EXP 	Device response: <KeyPress from None: t=13.243452128997887, value=r, duration=None>
13.2468 	EXP 	New trial (rep=3, index=0): <Trial 12 (0 in rep 3) data={'word': 'BLUE', 'colour': 'red', 'stim_condition': 'I', 'correct_res': 'r', 'thisN': 12, 'thisTrialN': 0, 'thisRepN': 3}>
13.2510 	DATA 	Keypress: r
13.2585 	EXP 	fixation: autoDraw = False
13.2585 	EXP 	text: autoDraw = False
13.2585 	EXP 	text: foreColor = <psychopy.colors.Color: red, alpha=1.0>
13.2585 	EXP 	text: height = np.float64(0.05)
13.2585 	EXP 	text: height = np.float64(0.05)
13.2585 	EXP 	text: height = np.float64(0.05)
13.2585 	EXP 	text: text = 'BLUE'
13.2585 	EXP 	fixation: autoDraw = True
13.3894 	EXP 	Device response: <KeyPress from None: t=13.243452128997887, value=r, duration=0.1363569990026008>
13.7474 	EXP 	fixation: autoDraw = False
13.7474 	EXP 	text: autoDraw = True
14.4636 	EXP 	Device response: <KeyPress from None: t=14.458470218000002, value=r, duration=None>
14.4639 	EXP 	New trial (rep=3, index=1): <Trial 13 (1 in rep 3) data={'word': 'BLUE', 'colour': 'blue', 'stim_condition': 'C', 'correct_res': 'b', 'thisN': 13, 'thisTrialN': 1, 'thisRepN': 3}>
14.4664 	DATA 	Keypress: r
14.4727 	EXP 	fixation: autoDraw = False
14.4727 	EXP 	text: autoDraw = False
14.4727 	EXP 	text: foreColor = <psychopy.colors.Color: blue, alpha=1.0>
14.4727 	EXP 	text: text = 'BLUE'
14.4727 	EXP 	fixation: autoDraw = True
14.5892 	EXP 	Device response: <KeyPress from None: t=14.458470218000002, value=r, duration=0.12817023699972196>
14.9633 	EXP 	fixation: autoDraw = False
14.9633 	EXP 	text: autoDraw = True
15.5973 	EXP 	Device response: <KeyPress from None: t=15.591328506998252, value=b, duration=None>
15.5976 	EXP 	New trial (rep=3, index=2): <Trial 14 (2 in rep 3) data={'word': 'RED', 'colour': 'red', 'stim_condition': 'C', 'correct_res': 'r', 'thisN': 14, 'thisTrialN': 2, 'thisRepN': 3}>
15.6019 	DATA 	Keypress: b
15.6096 	EXP 	fixation: autoDraw = False
15.6096 	EXP 	text: autoDraw = False
15.6096 	EXP 	text: foreColor = <psychopy.colors.Color: red, alpha=1.0>
15.6096 	EXP 	text: height = np.float64(0.05)
15.6096 	EXP 	text: height = np.float64(0.05)
15.6096 	EXP 	text: height = np.float64(0.05)
15.6096 	EXP 	text: text = 'RED'
15.6096 	EXP 	fixation: autoDraw = True
15.7395 	EXP 	Device response: <KeyPress from None: t=15.591328506998252, value=b, duration=0.14040545600073528>
16.0969 	EXP 	fixation: autoDraw = False
16.0969 	EXP 	text: autoDraw = True
16.7728 	EXP 	Device response: <KeyPress from None: t=16.769340115999512, value=r, duration=None>
16.7731 	EXP 	New trial (rep=3, index=3): <Trial 15 (3 in rep 3) data={'word': 'RED', 'colour': 'blue', 'stim_condition': 'I', 'correct_res': 'b', 'thisN': 15, 'thisTrialN': 3, 'thisRepN': 3}>
16.7756 	DATA 	Keypress: r
16.7815 	EXP 	fixation: autoDraw = False
16.7815 	EXP 	text: autoDraw = False
16.7815 	EXP 	text: foreColor = <psychopy.colors.Color: blue, alpha=1.0>
16.7815 	EXP 	text: text = 'RED'
16.7815 	EXP 	fixation: autoDraw = True
16.9386 	EXP 	Device response: <KeyPress from None: t=16.769340115999512, value=r, duration=0.16029366300062975>
17.2718 	EXP 	fixation: autoDraw = False
17.2718 	EXP 	text: autoDraw = True
18.2727 	EXP 	Device response: <KeyPress from None: t=18.26740716600034, value=b, duration=None>
18.2730 	EXP 	New trial (rep=4, index=0): <Trial 16 (0 in rep 4) data={'word': 'BLUE', 'colour': 'red', 'stim_condition': 'I', 'correct_res': 'r', 'thisN': 16, 'thisTrialN': 0, 'thisRepN': 4}>
18.2773 	DATA 	Keypress: b
18.2830 	EXP 	fixation: autoDraw = False
18.2830 	EXP 	text: autoDraw = False
18.2830 	EXP 	text: foreColor = <psychopy.colors.Color: red, alpha=1.0>
18.2830 	EXP 	text: height = np.float64(0.05)
18.2830 	EXP 	text: height = np.float64(0.05)
18.2830 	EXP 	text: height = np.float64(0.05)
18.2830 	EXP 	text: text = 'BLUE'
18.2830 	EXP 	fixation: autoDraw = True
18.4136 	EXP 	Device response: <KeyPress from None: t=18.26740716600034, value=b, duration=0.14413060399965616>
18.7636 	EXP 	fixation: autoDraw = False
18.7636 	EXP 	text: autoDraw = True
19.7064 	EXP 	Device response: <KeyPress from None: t=19.70520842899714, value=r, duration=None>
19.7067 	EXP 	New trial (rep=4, index=1): <Trial 17 (1 in rep 4) data={'word': 'RED', 'colour': 'red', 'stim_condition': 'C', 'correct_res': 'r', 'thisN': 17, 'thisTrialN': 1, 'thisRepN': 4}>
19.7111 	DATA 	Keypress: r
19.7171 	EXP 	fixation: autoDraw = False
19.7171 	EXP 	text: autoDraw = False
19.7171 	EXP 	text: foreColor = <psychopy.colors.Color: red, alpha=1.0>
19.7171 	EXP 	text: height = np.float64(0.05)
19.7171 	EXP 	text: height = np.float64(0.05)
19.7171 	EXP 	text: height = np.float64(0.05)
19.7171 	EXP 	text: text = 'RED'
19.7171 	EXP 	fixation: autoDraw = True
19.8634 	EXP 	Device response: <KeyPress from None: t=19.70520842899714, value=r, duration=0.152299519002554>
20.2055 	EXP 	fixation: autoDraw = False
20.2055 	EXP 	text: autoDraw = True
20.5799 	EXP 	Device response: <KeyPress from None: t=20.5781177989993, value=r, duration=None>
20.5802 	EXP 	New trial (rep=4, index=2): <Trial 18 (2 in rep 4) data={'word': 'RED', 'colour': 'blue', 'stim_condition': 'I', 'correct_res': 'b', 'thisN': 18, 'thisTrialN': 2, 'thisRepN': 4}>
20.5886 	EXP 	fixation: autoDraw = False
20.5886 	EXP 	text: autoDraw = False
20.5886 	EXP 	text: foreColor = <psychopy.colors.Color: blue, alpha=1.0>
20.5886 	EXP 	text: text = 'RED'
20.5886 	EXP 	fixation: autoDraw = True
20.5914 	DATA 	Keypress: r
20.7227 	EXP 	Device response: <KeyPress from None: t=20.5781177989993, value=r, duration=0.13621020299979136>
21.0798 	EXP 	fixation: autoDraw = False
21.0798 	EXP 	text: autoDraw = True
21.9964 	EXP 	Device response: <KeyPress from None: t=21.993040990997542, value=b, duration=None>
21.9967 	EXP 	New trial (rep=4, index=3): <Trial 19 (3 in rep 4) data={'word': 'BLUE', 'colour': 'blue', 'stim_condition': 'C', 'correct_res': 'b', 'thisN': 19, 'thisTrialN': 3, 'thisRepN': 4}>
22.0010 	DATA 	Keypress: b
22.0084 	EXP 	fixation: autoDraw = False
22.0084 	EXP 	text: autoDraw = False
22.0084 	EXP 	text: foreColor = <psychopy.colors.Color: blue, alpha=1.0>
22.0084 	EXP 	text: height = np.float64(0.05)
22.0084 	EXP 	text: height = np.float64(0.05)
22.0084 	EXP 	text: height = np.float64(0.05)
22.0084 	EXP 	text: text = 'BLUE'
22.0084 	EXP 	fixation: autoDraw = True
22.1394 	EXP 	Device response: <KeyPress from None: t=21.993040990997542, value=b, duration=0.13628221200269763>
22.4969 	EXP 	fixation: autoDraw = False
22.4969 	EXP 	text: autoDraw = True
22.8229 	EXP 	Device response: <KeyPress from None: t=22.818053178998525, value=b, duration=None>
22.8232 	EXP 	New trial (rep=5, index=0): <Trial 20 (0 in rep 5) data={'word': 'RED', 'colour': 'red', 'stim_condition': 'C', 'correct_res': 'r', 'thisN': 20, 'thisTrialN': 0, 'thisRepN': 5}>
22.8278 	DATA 	Keypress: b
22.8338 	EXP 	fixation: autoDraw = False
22.8338 	EXP 	text: autoDraw = False
22.8338 	EXP 	text: foreColor = <psychopy.colors.Color: red, alpha=1.0>
22.8338 	EXP 	text: height = np.float64(0.05)
22.8338 	EXP 	text: height = np.float64(0.05)
22.8338 	EXP 	text: height = np.float64(0.05)
22.8338 	EXP 	text: text = 'RED'
22.8338 	EXP 	fixation: autoDraw = True
22.9555 	EXP 	Device response: <KeyPress from None: t=22.818053178998525, value=b, duration=0.1324480709990894>
23.3220 	EXP 	fixation: autoDraw = False
23.3220 	EXP 	text: autoDraw = True
23.8299 	EXP 	Device response: <KeyPress from None: t=23.82608771199739, value=r, duration=None>
23.8302 	EXP 	New trial (rep=5, index=1): <Trial 21 (1 in rep 5) data={'word': 'BLUE', 'colour': 'blue', 'stim_condition': 'C', 'correct_res': 'b', 'thisN': 21, 'thisTrialN': 1, 'thisRepN': 5}>
23.8346 	DATA 	Keypress: r
23.8421 	EXP 	fixation: autoDraw = False
23.8421 	EXP 	text: autoDraw = False
23.8421 	EXP 	text: foreColor = <psychopy.colors.Color: blue, alpha=1.0>
23.8421 	EXP 	text: height = np.float64(0.05)
23.8421 	EXP 	text: height = np.float64(0.05)
23.8421 	EXP 	text: height = np.float64(0.05)
23.8421 	EXP 	text: text = 'BLUE'
23.8421 	EXP 	fixation: autoDraw = True
23.9799 	EXP 	Device response: <KeyPress from None: t=23.82608771199739, value=r, duration=0.1483571930002654>
24.3305 	EXP 	fixation: autoDraw = False
24.3305 	EXP 	text: autoDraw = True
24.6724 	EXP 	Device response: <KeyPress from None: t=24.666956878998462, value=b, duration=None>
24.6727 	EXP 	New trial (rep=5, index=2): <Trial 22 (2 in rep 5) data={'word': 'BLUE', 'colour': 'red', 'stim_condition': 'I', 'correct_res': 'r', 'thisN': 22, 'thisTrialN': 2, 'thisRepN': 5}>
24.6752 	DATA 	Keypress: b
24.6811 	EXP 	fixation: autoDraw = False
24.6811 	EXP 	text: autoDraw = False
24.6811 	EXP 	text: foreColor = <psychopy.colors.Color: red, alpha=1.0>
24.6811 	EXP 	text: text = 'BLUE'
24.6811 	EXP 	fixation: autoDraw = True
24.8055 	EXP 	Device response: <KeyPress from None: t=24.666956878998462, value=b, duration=0.13239246499870205>
25.1635 	EXP 	fixation: autoDraw = False
25.1635 	EXP 	text: autoDraw = True
25.8396 	EXP 	Device response: <KeyPress from None: t=25.837959124997724, value=r, duration=None>
25.8399 	EXP 	New trial (rep=5, index=3): <Trial 23 (3 in rep 5) data={'word': 'RED', 'colour': 'blue', 'stim_condition': 'I', 'correct_res': 'b', 'thisN': 23, 'thisTrialN': 3, 'thisRepN': 5}>
25.8442 	DATA 	Keypress: r
25.8509 	EXP 	fixation: autoDraw = False
25.8509 	EXP 	text: autoDraw = False
25.8509 	EXP 	text: foreColor = <psychopy.colors.Color: blue, alpha=1.0>
25.8509 	EXP 	text: height = np.float64(0.05)
25.8509 	EXP 	text: height = np.float64(0.05)
25.8509 	EXP 	text: height = np.float64(0.05)
25.8509 	EXP 	text: text = 'RED'
25.8509 	EXP 	fixation: autoDraw = True
26.0060 	EXP 	Device response: <KeyPress from None: t=25.837959124997724, value=r, duration=0.16026546400098596>
26.3387 	EXP 	fixation: autoDraw = False
26.3387 	EXP 	text: autoDraw = True
26.7894 	EXP 	Device response: <KeyPress from None: t=26.78484067699901, value=b, duration=None>
26.7897 	EXP 	New trial (rep=6, index=0): <Trial 24 (0 in rep 6) data={'word': 'BLUE', 'colour': 'red', 'stim_condition': 'I', 'correct_res': 'r', 'thisN': 24, 'thisTrialN': 0, 'thisRepN': 6}>
26.7940 	DATA 	Keypress: b
26.8005 	EXP 	fixation: autoDraw = False
26.8005 	EXP 	text: autoDraw = False
26.8005 	EXP 	text: foreColor = <psychopy.colors.Color: red, alpha=1.0>
26.8005 	EXP 	text: height = np.float64(0.05)
26.8005 	EXP 	text: height = np.float64(0.05)
26.8005 	EXP 	text: height = np.float64(0.05)
26.8005 	EXP 	text: text = 'BLUE'
26.8005 	EXP 	fixation: autoDraw = True
26.9299 	EXP 	Device response: <KeyPress from None: t=26.78484067699901, value=b, duration=0.14043784000023152>
27.2878 	EXP 	fixation: autoDraw = False
27.2878 	EXP 	text: autoDraw = True
28.1394 	EXP 	Device response: <KeyPress from None: t=28.12981589699848, value=r, duration=None>
28.1397 	EXP 	New trial (rep=6, index=1): <Trial 25 (1 in rep 6) data={'word': 'RED', 'colour': 'red', 'stim_condition': 'C', 'correct_res': 'r', 'thisN': 25, 'thisTrialN': 1, 'thisRepN': 6}>
28.1444 	DATA 	Keypress: r
28.1503 	EXP 	fixation: autoDraw = False
28.1503 	EXP 	text: autoDraw = False
28.1503 	EXP 	text: foreColor = <psychopy.colors.Color: red, alpha=1.0>
28.1503 	EXP 	text: height = np.float64(0.05)
28.1503 	EXP 	text: height = np.float64(0.05)
28.1503 	EXP 	text: height = np.float64(0.05)
28.1503 	EXP 	text: text = 'RED'
28.1503 	EXP 	fixation: autoDraw = True
28.2465 	EXP 	Device response: <KeyPress from None: t=28.12981589699848, value=r, duration=0.1123048289991857>
28.6386 	EXP 	fixation: autoDraw = False
28.6386 	EXP 	text: autoDraw = True
28.9893 	EXP 	Device response: <KeyPress from None: t=28.983895441997447, value=r, duration=None>
28.9895 	EXP 	New trial (rep=6, index=2): <Trial 26 (2 in rep 6) data={'word': 'RED', 'colour': 'blue', 'stim_condition': 'I', 'correct_res': 'b', 'thisN': 26, 'thisTrialN': 2, 'thisRepN': 6}>
28.9921 	DATA 	Keypress: r
28.9978 	EXP 	fixation: autoDraw = False
28.9978 	EXP 	text: autoDraw = False
28.9978 	EXP 	text: foreColor = <psychopy.colors.Color: blue, alpha=1.0>
28.9978 	EXP 	text: text = 'RED'
28.9978 	EXP 	fixation: autoDraw = True
29.1062 	EXP 	Device response: <KeyPress from None: t=28.983895441997447, value=r, duration=0.1193794020000496>
29.4801 	EXP 	fixation: autoDraw = False
29.4801 	EXP 	text: autoDraw = True
29.9060 	EXP 	Device response: <KeyPress from None: t=29.90267921299892, value=b, duration=None>
29.9063 	EXP 	New trial (rep=6, index=3): <Trial 27 (3 in rep 6) data={'word': 'BLUE', 'colour': 'blue', 'stim_condition': 'C', 'correct_res': 'b', 'thisN': 27, 'thisTrialN': 3, 'thisRepN': 6}>
29.9110 	DATA 	Keypress: b
29.9169 	EXP 	fixation: autoDraw = False
29.9169 	EXP 	text: autoDraw = False
29.9169 	EXP 	text: foreColor = <psychopy.colors.Color: blue, alpha=1.0>
29.9169 	EXP 	text: height = np.float64(0.05)
29.9169 	EXP 	text: height = np.float64(0.05)
29.9169 	EXP 	text: height = np.float64(0.05)
29.9169 	EXP 	text: text = 'BLUE'
29.9169 	EXP 	fixation: autoDraw = True
30.0633 	EXP 	Device response: <KeyPress from None: t=29.90267921299892, value=b, duration=0.1562948030004918>
30.4052 	EXP 	fixation: autoDraw = False
30.4052 	EXP 	text: autoDraw = True
30.6893 	EXP 	Device response: <KeyPress from None: t=30.68386832499891, value=b, duration=None>
30.6896 	EXP 	New trial (rep=7, index=0): <Trial 28 (0 in rep 7) data={'word': 'BLUE', 'colour': 'red', 'stim_condition': 'I', 'correct_res': 'r', 'thisN': 28, 'thisTrialN': 0, 'thisRepN': 7}>
30.6921 	DATA 	Keypress: b
30.6978 	EXP 	fixation: autoDraw = False
30.6978 	EXP 	text: autoDraw = False
30.6978 	EXP 	text: foreColor = <psychopy.colors.Color: red, alpha=1.0>
30.6978 	EXP 	text: text = 'BLUE'
30.6978 	EXP 	fixation: autoDraw = True
30.8062 	EXP 	Device response: <KeyPress from None: t=30.68386832499891, value=b, duration=0.120176762000483>
31.1883 	EXP 	fixation: autoDraw = False
31.1883 	EXP 	text: autoDraw = True
31.6226 	EXP 	Device response: <KeyPress from None: t=31.613602768997225, value=r, duration=None>
31.6230 	EXP 	New trial (rep=7, index=1): <Trial 29 (1 in rep 7) data={'word': 'RED', 'colour': 'blue', 'stim_condition': 'I', 'correct_res': 'b', 'thisN': 29, 'thisTrialN': 1, 'thisRepN': 7}>
31.6277 	DATA 	Keypress: r
31.6335 	EXP 	fixation: autoDraw = False
31.6335 	EXP 	text: autoDraw = False
31.6335 	EXP 	text: foreColor = <psychopy.colors.Color: blue, alpha=1.0>
31.6335 	EXP 	text: height = np.float64(0.05)
31.6335 	EXP 	text: height = np.float64(0.05)
31.6335 	EXP 	text: height = np.float64(0.05)
31.6335 	EXP 	text: text = 'RED'
31.6335 	EXP 	fixation: autoDraw = True
31.7800 	EXP 	Device response: <KeyPress from None: t=31.613602768997225, value=r, duration=0.16028983000069275>
32.1218 	EXP 	fixation: autoDraw = False
32.1218 	EXP 	text: autoDraw = True
32.5462 	EXP 	Device response: <KeyPress from None: t=32.540521107999666, value=b, duration=None>
32.5465 	EXP 	New trial (rep=7, index=2): <Trial 30 (2 in rep 7) data={'word': 'BLUE', 'colour': 'blue', 'stim_condition': 'C', 'correct_res': 'b', 'thisN': 30, 'thisTrialN': 2, 'thisRepN': 7}>
32.5509 	DATA 	Keypress: b
32.5579 	EXP 	fixation: autoDraw = False
32.5579 	EXP 	text: autoDraw = False
32.5579 	EXP 	text: foreColor = <psychopy.colors.Color: blue, alpha=1.0>
32.5579 	EXP 	text: height = np.float64(0.05)
32.5579 	EXP 	text: height = np.float64(0.05)
32.5579 	EXP 	text: height = np.float64(0.05)
32.5579 	EXP 	text: text = 'BLUE'
32.5579 	EXP 	fixation: autoDraw = True
32.6893 	EXP 	Device response: <KeyPress from None: t=32.540521107999666, value=b, duration=0.14426181899762014>
33.0462 	EXP 	fixation: autoDraw = False
33.0462 	EXP 	text: autoDraw = True
34.4794 	EXP 	Device response: <KeyPress from None: t=34.47249236299831, value=b, duration=None>
34.4797 	EXP 	New trial (rep=7, index=3): <Trial 31 (3 in rep 7) data={'word': 'RED', 'colour': 'red', 'stim_condition': 'C', 'correct_res': 'r', 'thisN': 31, 'thisTrialN': 3, 'thisRepN': 7}>
34.4841 	DATA 	Keypress: b
34.4911 	EXP 	fixation: autoDraw = False
34.4911 	EXP 	text: autoDraw = False
34.4911 	EXP 	text: foreColor = <psychopy.colors.Color: red, alpha=1.0>
34.4911 	EXP 	text: height = np.float64(0.05)
34.4911 	EXP 	text: height = np.float64(0.05)
34.4911 	EXP 	text: height = np.float64(0.05)
34.4911 	EXP 	text: text = 'RED'
34.4911 	EXP 	fixation: autoDraw = True
34.6391 	EXP 	Device response: <KeyPress from None: t=34.47249236299831, value=b, duration=0.15620499500073493>
34.9804 	EXP 	fixation: autoDraw = False
34.9804 	EXP 	text: autoDraw = True
35.4397 	EXP 	Device response: <KeyPress from None: t=35.430467664999014, value=r, duration=None>
35.4401 	EXP 	New trial (rep=8, index=0): <Trial 32 (0 in rep 8) data={'word': 'RED', 'colour': 'blue', 'stim_condition': 'I', 'correct_res': 'b', 'thisN': 32, 'thisTrialN': 0, 'thisRepN': 8}>
35.4435 	DATA 	Keypress: r
35.4506 	EXP 	fixation: autoDraw = False
35.4506 	EXP 	text: autoDraw = False
35.4506 	EXP 	text: foreColor = <psychopy.colors.Color: blue, alpha=1.0>
35.4506 	EXP 	text: text = 'RED'
35.4506 	EXP 	fixation: autoDraw = True
35.5891 	EXP 	Device response: <KeyPress from None: t=35.430467664999014, value=r, duration=0.15238461799890501>
35.9382 	EXP 	fixation: autoDraw = False
35.9382 	EXP 	text: autoDraw = True
36.6962 	EXP 	Device response: <KeyPress from None: t=36.6904778859971, value=b, duration=None>
36.6966 	EXP 	New trial (rep=8, index=1): <Trial 33 (1 in rep 8) data={'word': 'RED', 'colour': 'red', 'stim_condition': 'C', 'correct_res': 'r', 'thisN': 33, 'thisTrialN': 1, 'thisRepN': 8}>
36.6991 	DATA 	Keypress: b
36.7052 	EXP 	fixation: autoDraw = False
36.7052 	EXP 	text: autoDraw = False
36.7052 	EXP 	text: foreColor = <psychopy.colors.Color: red, alpha=1.0>
36.7052 	EXP 	text: text = 'RED'
36.7052 	EXP 	fixation: autoDraw = True
36.8888 	EXP 	Device response: <KeyPress from None: t=36.6904778859971, value=b, duration=0.18835902200225974>
37.1960 	EXP 	fixation: autoDraw = False
37.1960 	EXP 	text: autoDraw = True
37.7127 	EXP 	Device response: <KeyPress from None: t=37.71128337399932, value=r, duration=None>
37.7130 	EXP 	New trial (rep=8, index=2): <Trial 34 (2 in rep 8) data={'word': 'BLUE', 'colour': 'blue', 'stim_condition': 'C', 'correct_res': 'b', 'thisN': 34, 'thisTrialN': 2, 'thisRepN': 8}>
37.7174 	DATA 	Keypress: r
37.7247 	EXP 	fixation: autoDraw = False
37.7247 	EXP 	text: autoDraw = False
37.7247 	EXP 	text: foreColor = <psychopy.colors.Color: blue, alpha=1.0>
37.7247 	EXP 	text: height = np.float64(0.05)
37.7247 	EXP 	text: height = np.float64(0.05)
37.7247 	EXP 	text: height = np.float64(0.05)
37.7247 	EXP 	text: text = 'BLUE'
37.7247 	EXP 	fixation: autoDraw = True
37.8889 	EXP 	Device response: <KeyPress from None: t=37.71128337399932, value=r, duration=0.16828522300056648>
38.2133 	EXP 	fixation: autoDraw = False
38.2133 	EXP 	text: autoDraw = True
38.6625 	EXP 	Device response: <KeyPress from None: t=38.65929393999977, value=b, duration=None>
38.6628 	EXP 	New trial (rep=8, index=3): <Trial 35 (3 in rep 8) data={'word': 'BLUE', 'colour': 'red', 'stim_condition': 'I', 'correct_res': 'r', 'thisN': 35, 'thisTrialN': 3, 'thisRepN': 8}>
38.6653 	DATA 	Keypress: b
38.6713 	EXP 	fixation: autoDraw = False
38.6713 	EXP 	text: autoDraw = False
38.6713 	EXP 	text: foreColor = <psychopy.colors.Color: red, alpha=1.0>
38.6713 	EXP 	text: text = 'BLUE'
38.6713 	EXP 	fixation: autoDraw = True
38.8223 	EXP 	Device response: <KeyPress from None: t=38.65929393999977, value=b, duration=0.15634963999764295>
39.1626 	EXP 	fixation: autoDraw = False
39.1626 	EXP 	text: autoDraw = True
39.5794 	EXP 	Device response: <KeyPress from None: t=39.57425061399772, value=r, duration=None>
39.5798 	EXP 	New trial (rep=9, index=0): <Trial 36 (0 in rep 9) data={'word': 'RED', 'colour': 'blue', 'stim_condition': 'I', 'correct_res': 'b', 'thisN': 36, 'thisTrialN': 0, 'thisRepN': 9}>
39.5842 	DATA 	Keypress: r
39.5913 	EXP 	fixation: autoDraw = False
39.5913 	EXP 	text: autoDraw = False
39.5913 	EXP 	text: foreColor = <psychopy.colors.Color: blue, alpha=1.0>
39.5913 	EXP 	text: height = np.float64(0.05)
39.5913 	EXP 	text: height = np.float64(0.05)
39.5913 	EXP 	text: height = np.float64(0.05)
39.5913 	EXP 	text: text = 'RED'
39.5913 	EXP 	fixation: autoDraw = True
39.7558 	EXP 	Device response: <KeyPress from None: t=39.57425061399772, value=r, duration=0.1763049900000624>
40.0798 	EXP 	fixation: autoDraw = False
40.0798 	EXP 	text: autoDraw = True
40.9461 	EXP 	Device response: <KeyPress from None: t=40.940202993999264, value=b, duration=None>
40.9464 	EXP 	New trial (rep=9, index=1): <Trial 37 (1 in rep 9) data={'word': 'BLUE', 'colour': 'blue', 'stim_condition': 'C', 'correct_res': 'b', 'thisN': 37, 'thisTrialN': 1, 'thisRepN': 9}>
40.9507 	DATA 	Keypress: b
40.9577 	EXP 	fixation: autoDraw = False
40.9577 	EXP 	text: autoDraw = False
40.9577 	EXP 	text: foreColor = <psychopy.colors.Color: blue, alpha=1.0>
40.9577 	EXP 	text: height = np.float64(0.05)
40.9577 	EXP 	text: height = np.float64(0.05)
40.9577 	EXP 	text: height = np.float64(0.05)
40.9577 	EXP 	text: text = 'BLUE'
40.9577 	EXP 	fixation: autoDraw = True
41.1225 	EXP 	Device response: <KeyPress from None: t=40.940202993999264, value=b, duration=0.17229986700112931>
41.4447 	EXP 	fixation: autoDraw = False
41.4447 	EXP 	text: autoDraw = True
41.7724 	EXP 	Device response: <KeyPress from None: t=41.76725950099717, value=b, duration=None>
41.7727 	EXP 	New trial (rep=9, index=2): <Trial 38 (2 in rep 9) data={'word': 'RED', 'colour': 'red', 'stim_condition': 'C', 'correct_res': 'r', 'thisN': 38, 'thisTrialN': 2, 'thisRepN': 9}>
41.7770 	DATA 	Keypress: b
41.7827 	EXP 	fixation: autoDraw = False
41.7827 	EXP 	text: autoDraw = False
41.7827 	EXP 	text: foreColor = <psychopy.colors.Color: red, alpha=1.0>
41.7827 	EXP 	text: height = np.float64(0.05)
41.7827 	EXP 	text: height = np.float64(0.05)
41.7827 	EXP 	text: height = np.float64(0.05)
41.7827 	EXP 	text: text = 'RED'
41.7827 	EXP 	fixation: autoDraw = True
41.9131 	EXP 	Device response: <KeyPress from None: t=41.76725950099717, value=b, duration=0.14036843700159807>
42.2632 	EXP 	fixation: autoDraw = False
42.2632 	EXP 	text: autoDraw = True
42.6562 	EXP 	Device response: <KeyPress from None: t=42.655105234000075, value=r, duration=None>
42.6629 	EXP 	New trial (rep=9, index=3): <Trial 39 (3 in rep 9) data={'word': 'BLUE', 'colour': 'red', 'stim_condition': 'I', 'correct_res': 'r', 'thisN': 39, 'thisTrialN': 3, 'thisRepN': 9}>
42.6680 	DATA 	Keypress: r
42.6751 	EXP 	fixation: autoDraw = False
42.6751 	EXP 	text: autoDraw = False
42.6751 	EXP 	text: foreColor = <psychopy.colors.Color: red, alpha=1.0>
42.6751 	EXP 	text: height = np.float64(0.05)
42.6751 	EXP 	text: height = np.float64(0.05)
42.6751 	EXP 	text: height = np.float64(0.05)
42.6751 	EXP 	text: text = 'BLUE'
42.6751 	EXP 	fixation: autoDraw = True
42.8055 	EXP 	Device response: <KeyPress from None: t=42.655105234000075, value=r, duration=0.14818790499703027>
43.1628 	EXP 	fixation: autoDraw = False
43.1628 	EXP 	text: autoDraw = True
43.4725 	EXP 	Device response: <KeyPress from None: t=43.471096442997805, value=r, duration=None>
43.4759 	DATA 	Keypress: r
43.4816 	EXP 	fixation: autoDraw = False
43.4816 	EXP 	text: autoDraw = False
43.4816 	EXP 	text_3: autoDraw = True
43.6056 	EXP 	Device response: <KeyPress from None: t=43.471096442997805, value=r, duration=0.12820053600080428>
44.4776 	EXP 	text_3: autoDraw = False
44.4776 	EXP 	text_3: autoDraw = False
44.4777 	EXP 	stroop: status = STOPPED
44.4927 	INFO 	saved data to '/Users/ayk-j/Desktop/Stroop Task/data/01_stroop_2025-08-24_18h38.23.404.csv'
44.4937 	INFO 	saved data to /Users/ayk-j/Desktop/Stroop Task/data/01_stroop_2025-08-24_18h38.23.404.psydat
45.2824 	WARNING 	Stopping key buffers but this could be dangerous ifother keyboards rely on the same.
45.2826 	WARNING 	Stopping key buffers but this could be dangerous ifother keyboards rely on the same.
