29.7686 	WARNING 	Font Manager failed to load file /System/Library/PrivateFrameworks/FontServices.framework/Resources/Reserved/PingFangUI.ttc
29.9163 	WARNING 	Font Manager failed to load file /System/Library/PrivateFrameworks/FontServices.framework/Resources/Reserved/PingFangUI.ttc
35.4433 	INFO 	Loaded monitor calibration from ['2025_08_12 09:40']
35.4565 	WARNING 	User requested fullscreen with size [1024  768], but screen is actually [1440, 900]. Using actual size
35.7877 	INFO 	Using renderer 'Intel(R) Iris(TM) Plus Graphics 655' for graphics
35.7877 	INFO 	OpenGL version supported by driver is 2..
35.8505 	EXP 	Created window1 = Window(allowGUI=False, allowStencil=False, autoLog=True, backendConf=UNKNOWN, backgroundFit=<method-wrapper '__getattribute__' of attributeSetter object at 0x1360b2830>, backgroundImage=<method-wrapper '__getattribute__' of attributeSetter object at 0x1360b2890>, bitsMode=UNKNOWN, blendMode='avg', bpc=(8, 8, 8), color=array([0, 0, 0]), colorSpace='rgb', depthBits=8, fullscr=True, gamma=None, gammaErrorPolicy='raise', infoMsg=UNKNOWN, lms=UNKNOWN, monitor=<psychopy.monitors.calibTools.Monitor object at 0x136153f10>, multiSample=False, name='window1', numSamples=2, pos=[np.float64(0.0), np.float64(0.0)], screen=0, size=array([2880, 1800]), stencilBits=0, stereo=False, title='PsychoPy', units='height', useFBO=True, useRetina=True, viewOri=0.0, viewPos=None, viewScale=None, waitBlanking=True, winType='pyglet')
35.8506 	EXP 	window1: backgroundImage = ''
35.8507 	EXP 	window1: backgroundFit = 'none'
36.3687 	EXP 	window1: Attempting to measure frame rate of screen (0) ...
36.3688 	EXP 	window1: recordFrameIntervals = False
37.2401 	EXP 	window1: recordFrameIntervals = True
37.2862 	WARNING 	t of last frame was 24.54ms (=1/40)
37.4443 	EXP 	Screen (0) actual frame rate measured at 89.52Hz
37.4443 	EXP 	window1: recordFrameIntervals = False
40.8515 	INFO 	keyboard.Keyboard is using ptb backend.
41.2576 	INFO 	keyboard.Keyboard is using ptb backend.
41.2577 	EXP 	stroop: status = STARTED
41.3244 	EXP 	Created text_2 = TextStim(__class__=<class 'psychopy.visual.text.TextStim'>, alignHoriz=method-wrapper(...), alignText='center', alignVert=method-wrapper(...), anchorHoriz='center', anchorVert='center', antialias=True, autoDraw=False, autoLog=True, bold=False, color=array([1., 1., 1.]), colorSpace='rgb', contrast=1.0, depth=0.0, draggable=False, flipHoriz=False, flipVert=False, font='Arial', fontFiles=[], height=np.float64(0.05), italic=False, languageStyle='LTR', name='text_2', opacity=1, ori=0.0, pos=array([0., 0.]), rgb=UNKNOWN, text='Welcome', units='height', win=Window(...), wrapWidth=1)
41.3332 	EXP 	Created fixation = ShapeStim(__class__=<class 'psychopy.visual.shape.ShapeStim'>, anchor=('center', 'center'), autoDraw=False, autoLog=True, closeShape=True, color=method-wrapper(...), colorSpace='rgb', contrast=None, depth=0.0, draggable=False, fillColor=array([1, 1, 1]), fillColorSpace='rgb', fillRGB=array([1, 1, 1]), interpolate=True, lineColor=array([1., 1., 1.]), lineColorSpace='rgb', lineRGB=array([1, 1, 1]), lineWidth=1.0, name='fixation', opacity=1, ori=0.0, pos=array([0., 0.]), size=array([10., 10.]), units='pix', vertices=ndarray(...), win=Window(...), windingRule=None)
41.3346 	EXP 	Created text = TextStim(__class__=<class 'psychopy.visual.text.TextStim'>, alignHoriz=method-wrapper(...), alignText='center', alignVert=method-wrapper(...), anchorHoriz='center', anchorVert='center', antialias=True, autoDraw=False, autoLog=True, bold=False, color=array([1., 1., 1.]), colorSpace='rgb', contrast=1.0, depth=-1.0, draggable=False, flipHoriz=False, flipVert=False, font='Arial', fontFiles=[], height=0.05, italic=False, languageStyle='LTR', name='text', opacity=1, ori=0.0, pos=array([0., 0.]), rgb=UNKNOWN, text='', units='height', win=Window(...), wrapWidth=1)
41.3436 	EXP 	Created text_3 = TextStim(__class__=<class 'psychopy.visual.text.TextStim'>, alignHoriz=method-wrapper(...), alignText='center', alignVert=method-wrapper(...), anchorHoriz='center', anchorVert='center', antialias=True, autoDraw=False, autoLog=True, bold=False, color=array([1., 1., 1.]), colorSpace='rgb', contrast=1.0, depth=0.0, draggable=False, flipHoriz=False, flipVert=False, font='Arial', fontFiles=[], height=np.float64(0.05), italic=False, languageStyle='LTR', name='text_3', opacity=1, ori=0.0, pos=array([0., 0.]), rgb=UNKNOWN, text='Thank you', units='height', win=Window(...), wrapWidth=1)
0.0505 	EXP 	text_2: autoDraw = True
1.0219 	EXP 	Imported /Users/ayk-j/Desktop/Stroop Task/Conditions.xlsx as conditions, 4 conditions, 4 params
1.0258 	EXP 	New trial (rep=0, index=0): <Trial 0 (0 in rep 0) data={'word': 'BLUE', 'colour': 'blue', 'stim_condition': 'C', 'correct_res': 'b', 'thisN': 0, 'thisTrialN': 0, 'thisRepN': 0}>
1.0429 	EXP 	text_2: autoDraw = False
1.0429 	EXP 	text: foreColor = <psychopy.colors.Color: blue, alpha=1.0>
1.0429 	EXP 	text: height = np.float64(0.05)
1.0429 	EXP 	text: height = np.float64(0.05)
1.0429 	EXP 	text: height = np.float64(0.05)
1.0429 	EXP 	text: text = 'BLUE'
1.0429 	EXP 	fixation: autoDraw = True
1.4992 	EXP 	fixation: autoDraw = False
1.4992 	EXP 	text: autoDraw = True
3.3772 	EXP 	Device response: <KeyPress from None: t=2.989579943998251, value=b, duration=None>
3.3775 	EXP 	Device response: <KeyPress from None: t=2.989579943998251, value=b, duration=0.1376481129991589>
3.3777 	EXP 	New trial (rep=0, index=1): <Trial 1 (1 in rep 0) data={'word': 'RED', 'colour': 'blue', 'stim_condition': 'I', 'correct_res': 'b', 'thisN': 1, 'thisTrialN': 1, 'thisRepN': 0}>
3.3867 	DATA 	Keypress: b
3.3968 	EXP 	fixation: autoDraw = False
3.3968 	EXP 	text: autoDraw = False
3.3968 	EXP 	text: foreColor = <psychopy.colors.Color: blue, alpha=1.0>
3.3968 	EXP 	text: height = np.float64(0.05)
3.3968 	EXP 	text: height = np.float64(0.05)
3.3968 	EXP 	text: height = np.float64(0.05)
3.3968 	EXP 	text: text = 'RED'
3.3968 	EXP 	fixation: autoDraw = True
3.8752 	EXP 	fixation: autoDraw = False
3.8752 	EXP 	text: autoDraw = True
4.3663 	EXP 	Device response: <KeyPress from None: t=4.359893679997185, value=b, duration=None>
4.3666 	EXP 	New trial (rep=0, index=2): <Trial 2 (2 in rep 0) data={'word': 'RED', 'colour': 'red', 'stim_condition': 'C', 'correct_res': 'r', 'thisN': 2, 'thisTrialN': 2, 'thisRepN': 0}>
4.3831 	DATA 	Keypress: b
4.3900 	EXP 	fixation: autoDraw = False
4.3900 	EXP 	text: autoDraw = False
4.3900 	EXP 	text: foreColor = <psychopy.colors.Color: red, alpha=1.0>
4.3900 	EXP 	text: text = 'RED'
4.3900 	EXP 	fixation: autoDraw = True
4.5426 	EXP 	Device response: <KeyPress from None: t=4.359893679997185, value=b, duration=0.17251061400020262>
4.8658 	EXP 	fixation: autoDraw = False
4.8658 	EXP 	text: autoDraw = True
5.2327 	EXP 	Device response: <KeyPress from None: t=5.227870962000452, value=r, duration=None>
5.2330 	EXP 	New trial (rep=0, index=3): <Trial 3 (3 in rep 0) data={'word': 'BLUE', 'colour': 'red', 'stim_condition': 'I', 'correct_res': 'r', 'thisN': 3, 'thisTrialN': 3, 'thisRepN': 0}>
5.2376 	DATA 	Keypress: r
5.2578 	EXP 	fixation: autoDraw = False
5.2578 	EXP 	text: autoDraw = False
5.2578 	EXP 	text: foreColor = <psychopy.colors.Color: red, alpha=1.0>
5.2578 	EXP 	text: height = np.float64(0.05)
5.2578 	EXP 	text: height = np.float64(0.05)
5.2578 	EXP 	text: height = np.float64(0.05)
5.2578 	EXP 	text: text = 'BLUE'
5.2578 	EXP 	fixation: autoDraw = True
5.3933 	EXP 	Device response: <KeyPress from None: t=5.227870962000452, value=r, duration=0.16030493399739498>
5.7331 	EXP 	fixation: autoDraw = False
5.7331 	EXP 	text: autoDraw = True
6.3269 	EXP 	Device response: <KeyPress from None: t=6.3257955179942655, value=r, duration=None>
6.3333 	EXP 	New trial (rep=1, index=0): <Trial 4 (0 in rep 1) data={'word': 'RED', 'colour': 'blue', 'stim_condition': 'I', 'correct_res': 'b', 'thisN': 4, 'thisTrialN': 0, 'thisRepN': 1}>
6.3381 	DATA 	Keypress: r
6.3450 	EXP 	fixation: autoDraw = False
6.3450 	EXP 	text: autoDraw = False
6.3450 	EXP 	text: foreColor = <psychopy.colors.Color: blue, alpha=1.0>
6.3450 	EXP 	text: height = np.float64(0.05)
6.3450 	EXP 	text: height = np.float64(0.05)
6.3450 	EXP 	text: height = np.float64(0.05)
6.3450 	EXP 	text: text = 'RED'
6.3450 	EXP 	fixation: autoDraw = True
6.4675 	EXP 	Device response: <KeyPress from None: t=6.3257955179942655, value=r, duration=0.13638614500086987>
6.8247 	EXP 	fixation: autoDraw = False
6.8247 	EXP 	text: autoDraw = True
7.9268 	EXP 	Device response: <KeyPress from None: t=7.9254116250012885, value=b, duration=None>
7.9271 	EXP 	New trial (rep=1, index=1): <Trial 5 (1 in rep 1) data={'word': 'RED', 'colour': 'red', 'stim_condition': 'C', 'correct_res': 'r', 'thisN': 5, 'thisTrialN': 1, 'thisRepN': 1}>
7.9335 	EXP 	fixation: autoDraw = False
7.9335 	EXP 	text: autoDraw = False
7.9335 	EXP 	text: foreColor = <psychopy.colors.Color: red, alpha=1.0>
7.9335 	EXP 	text: text = 'RED'
7.9335 	EXP 	fixation: autoDraw = True
7.9365 	DATA 	Keypress: b
8.0432 	EXP 	Device response: <KeyPress from None: t=7.9254116250012885, value=b, duration=0.11558211699593812>
8.4257 	EXP 	fixation: autoDraw = False
8.4257 	EXP 	text: autoDraw = True
8.7600 	EXP 	Device response: <KeyPress from None: t=8.7546829540006, value=r, duration=None>
8.7602 	EXP 	New trial (rep=1, index=2): <Trial 6 (2 in rep 1) data={'word': 'BLUE', 'colour': 'blue', 'stim_condition': 'C', 'correct_res': 'b', 'thisN': 6, 'thisTrialN': 2, 'thisRepN': 1}>
8.7646 	DATA 	Keypress: r
8.7706 	EXP 	fixation: autoDraw = False
8.7706 	EXP 	text: autoDraw = False
8.7706 	EXP 	text: foreColor = <psychopy.colors.Color: blue, alpha=1.0>
8.7706 	EXP 	text: height = np.float64(0.05)
8.7706 	EXP 	text: height = np.float64(0.05)
8.7706 	EXP 	text: height = np.float64(0.05)
8.7706 	EXP 	text: text = 'BLUE'
8.7706 	EXP 	fixation: autoDraw = True
8.9266 	EXP 	Device response: <KeyPress from None: t=8.7546829540006, value=r, duration=0.16821403399808332>
9.2591 	EXP 	fixation: autoDraw = False
9.2591 	EXP 	text: autoDraw = True
9.7336 	EXP 	Device response: <KeyPress from None: t=9.729720721996273, value=b, duration=None>
9.7339 	EXP 	New trial (rep=1, index=3): <Trial 7 (3 in rep 1) data={'word': 'BLUE', 'colour': 'red', 'stim_condition': 'I', 'correct_res': 'r', 'thisN': 7, 'thisTrialN': 3, 'thisRepN': 1}>
9.7365 	DATA 	Keypress: b
9.7427 	EXP 	fixation: autoDraw = False
9.7427 	EXP 	text: autoDraw = False
9.7427 	EXP 	text: foreColor = <psychopy.colors.Color: red, alpha=1.0>
9.7427 	EXP 	text: text = 'BLUE'
9.7427 	EXP 	fixation: autoDraw = True
9.8764 	EXP 	Device response: <KeyPress from None: t=9.729720721996273, value=b, duration=0.14032718800444854>
10.2339 	EXP 	fixation: autoDraw = False
10.2339 	EXP 	text: autoDraw = True
10.8933 	EXP 	Device response: <KeyPress from None: t=10.891586802994425, value=r, duration=None>
10.8936 	EXP 	New trial (rep=2, index=0): <Trial 8 (0 in rep 2) data={'word': 'RED', 'colour': 'blue', 'stim_condition': 'I', 'correct_res': 'b', 'thisN': 8, 'thisTrialN': 0, 'thisRepN': 2}>
10.8981 	DATA 	Keypress: r
10.9041 	EXP 	fixation: autoDraw = False
10.9041 	EXP 	text: autoDraw = False
10.9041 	EXP 	text: foreColor = <psychopy.colors.Color: blue, alpha=1.0>
10.9041 	EXP 	text: height = np.float64(0.05)
10.9041 	EXP 	text: height = np.float64(0.05)
10.9041 	EXP 	text: height = np.float64(0.05)
10.9041 	EXP 	text: text = 'RED'
10.9041 	EXP 	fixation: autoDraw = True
11.0600 	EXP 	Device response: <KeyPress from None: t=10.891586802994425, value=r, duration=0.16432480100047542>
11.3927 	EXP 	fixation: autoDraw = False
11.3927 	EXP 	text: autoDraw = True
11.8100 	EXP 	Device response: <KeyPress from None: t=11.808612679997168, value=b, duration=None>
11.8102 	EXP 	New trial (rep=2, index=1): <Trial 9 (1 in rep 2) data={'word': 'BLUE', 'colour': 'blue', 'stim_condition': 'C', 'correct_res': 'b', 'thisN': 9, 'thisTrialN': 1, 'thisRepN': 2}>
11.8146 	DATA 	Keypress: b
11.8207 	EXP 	fixation: autoDraw = False
11.8207 	EXP 	text: autoDraw = False
11.8207 	EXP 	text: foreColor = <psychopy.colors.Color: blue, alpha=1.0>
11.8207 	EXP 	text: height = np.float64(0.05)
11.8207 	EXP 	text: height = np.float64(0.05)
11.8207 	EXP 	text: height = np.float64(0.05)
11.8207 	EXP 	text: text = 'BLUE'
11.8207 	EXP 	fixation: autoDraw = True
11.9267 	EXP 	Device response: <KeyPress from None: t=11.808612679997168, value=b, duration=0.11616409500129521>
12.3091 	EXP 	fixation: autoDraw = False
12.3091 	EXP 	text: autoDraw = True
12.6929 	EXP 	Device response: <KeyPress from None: t=12.683525096996163, value=b, duration=None>
12.6932 	EXP 	New trial (rep=2, index=2): <Trial 10 (2 in rep 2) data={'word': 'RED', 'colour': 'red', 'stim_condition': 'C', 'correct_res': 'r', 'thisN': 10, 'thisTrialN': 2, 'thisRepN': 2}>
12.6979 	DATA 	Keypress: b
12.7038 	EXP 	fixation: autoDraw = False
12.7038 	EXP 	text: autoDraw = False
12.7038 	EXP 	text: foreColor = <psychopy.colors.Color: red, alpha=1.0>
12.7038 	EXP 	text: height = np.float64(0.05)
12.7038 	EXP 	text: height = np.float64(0.05)
12.7038 	EXP 	text: height = np.float64(0.05)
12.7038 	EXP 	text: text = 'RED'
12.7038 	EXP 	fixation: autoDraw = True
12.8003 	EXP 	Device response: <KeyPress from None: t=12.683525096996163, value=b, duration=0.11251223600265803>
13.1922 	EXP 	fixation: autoDraw = False
13.1922 	EXP 	text: autoDraw = True
13.5764 	EXP 	Device response: <KeyPress from None: t=13.573605131001386, value=r, duration=None>
13.5767 	EXP 	New trial (rep=2, index=3): <Trial 11 (3 in rep 2) data={'word': 'BLUE', 'colour': 'red', 'stim_condition': 'I', 'correct_res': 'r', 'thisN': 11, 'thisTrialN': 3, 'thisRepN': 2}>
13.5810 	DATA 	Keypress: r
13.5870 	EXP 	fixation: autoDraw = False
13.5870 	EXP 	text: autoDraw = False
13.5870 	EXP 	text: foreColor = <psychopy.colors.Color: red, alpha=1.0>
13.5870 	EXP 	text: height = np.float64(0.05)
13.5870 	EXP 	text: height = np.float64(0.05)
13.5870 	EXP 	text: height = np.float64(0.05)
13.5870 	EXP 	text: text = 'BLUE'
13.5870 	EXP 	fixation: autoDraw = True
13.7765 	EXP 	Device response: <KeyPress from None: t=13.573605131001386, value=r, duration=0.20003726199502125>
14.0673 	EXP 	fixation: autoDraw = False
14.0673 	EXP 	text: autoDraw = True
14.7002 	EXP 	Device response: <KeyPress from None: t=14.698394043000008, value=r, duration=None>
14.7005 	EXP 	New trial (rep=3, index=0): <Trial 12 (0 in rep 3) data={'word': 'RED', 'colour': 'red', 'stim_condition': 'C', 'correct_res': 'r', 'thisN': 12, 'thisTrialN': 0, 'thisRepN': 3}>
14.7050 	DATA 	Keypress: r
14.7124 	EXP 	fixation: autoDraw = False
14.7124 	EXP 	text: autoDraw = False
14.7124 	EXP 	text: foreColor = <psychopy.colors.Color: red, alpha=1.0>
14.7124 	EXP 	text: height = np.float64(0.05)
14.7124 	EXP 	text: height = np.float64(0.05)
14.7124 	EXP 	text: height = np.float64(0.05)
14.7124 	EXP 	text: text = 'RED'
14.7124 	EXP 	fixation: autoDraw = True
14.8432 	EXP 	Device response: <KeyPress from None: t=14.698394043000008, value=r, duration=0.1403147480014013>
15.1994 	EXP 	fixation: autoDraw = False
15.1994 	EXP 	text: autoDraw = True
15.5497 	EXP 	Device response: <KeyPress from None: t=15.546417804995144, value=r, duration=None>
15.5500 	EXP 	New trial (rep=3, index=1): <Trial 13 (1 in rep 3) data={'word': 'RED', 'colour': 'blue', 'stim_condition': 'I', 'correct_res': 'b', 'thisN': 13, 'thisTrialN': 1, 'thisRepN': 3}>
15.5526 	DATA 	Keypress: r
15.5586 	EXP 	fixation: autoDraw = False
15.5586 	EXP 	text: autoDraw = False
15.5586 	EXP 	text: foreColor = <psychopy.colors.Color: blue, alpha=1.0>
15.5586 	EXP 	text: text = 'RED'
15.5586 	EXP 	fixation: autoDraw = True
15.6999 	EXP 	Device response: <KeyPress from None: t=15.546417804995144, value=r, duration=0.14818140300485538>
16.0499 	EXP 	fixation: autoDraw = False
16.0499 	EXP 	text: autoDraw = True
16.3331 	EXP 	Device response: <KeyPress from None: t=16.32945220699912, value=b, duration=None>
16.3334 	EXP 	New trial (rep=3, index=2): <Trial 14 (2 in rep 3) data={'word': 'BLUE', 'colour': 'blue', 'stim_condition': 'C', 'correct_res': 'b', 'thisN': 14, 'thisTrialN': 2, 'thisRepN': 3}>
16.3378 	DATA 	Keypress: b
16.3450 	EXP 	fixation: autoDraw = False
16.3450 	EXP 	text: autoDraw = False
16.3450 	EXP 	text: foreColor = <psychopy.colors.Color: blue, alpha=1.0>
16.3450 	EXP 	text: height = np.float64(0.05)
16.3450 	EXP 	text: height = np.float64(0.05)
16.3450 	EXP 	text: height = np.float64(0.05)
16.3450 	EXP 	text: text = 'BLUE'
16.3450 	EXP 	fixation: autoDraw = True
16.4430 	EXP 	Device response: <KeyPress from None: t=16.32945220699912, value=b, duration=0.11219408599572489>
16.8339 	EXP 	fixation: autoDraw = False
16.8339 	EXP 	text: autoDraw = True
17.2832 	EXP 	Device response: <KeyPress from None: t=17.27625325799454, value=b, duration=None>
17.2834 	EXP 	New trial (rep=3, index=3): <Trial 15 (3 in rep 3) data={'word': 'BLUE', 'colour': 'red', 'stim_condition': 'I', 'correct_res': 'r', 'thisN': 15, 'thisTrialN': 3, 'thisRepN': 3}>
17.2861 	DATA 	Keypress: b
17.2921 	EXP 	fixation: autoDraw = False
17.2921 	EXP 	text: autoDraw = False
17.2921 	EXP 	text: foreColor = <psychopy.colors.Color: red, alpha=1.0>
17.2921 	EXP 	text: text = 'BLUE'
17.2921 	EXP 	fixation: autoDraw = True
17.4097 	EXP 	Device response: <KeyPress from None: t=17.27625325799454, value=b, duration=0.1323037830006797>
17.7826 	EXP 	fixation: autoDraw = False
17.7826 	EXP 	text: autoDraw = True
18.8331 	EXP 	Device response: <KeyPress from None: t=18.829313498994452, value=r, duration=None>
18.8334 	EXP 	New trial (rep=4, index=0): <Trial 16 (0 in rep 4) data={'word': 'RED', 'colour': 'blue', 'stim_condition': 'I', 'correct_res': 'b', 'thisN': 16, 'thisTrialN': 0, 'thisRepN': 4}>
18.8379 	DATA 	Keypress: r
18.8450 	EXP 	fixation: autoDraw = False
18.8450 	EXP 	text: autoDraw = False
18.8450 	EXP 	text: foreColor = <psychopy.colors.Color: blue, alpha=1.0>
18.8450 	EXP 	text: height = np.float64(0.05)
18.8450 	EXP 	text: height = np.float64(0.05)
18.8450 	EXP 	text: height = np.float64(0.05)
18.8450 	EXP 	text: text = 'RED'
18.8450 	EXP 	fixation: autoDraw = True
19.0172 	EXP 	Device response: <KeyPress from None: t=18.829313498994452, value=r, duration=0.18013241300650407>
19.3344 	EXP 	fixation: autoDraw = False
19.3344 	EXP 	text: autoDraw = True
19.9502 	EXP 	Device response: <KeyPress from None: t=19.943166398996254, value=b, duration=None>
19.9505 	EXP 	New trial (rep=4, index=1): <Trial 17 (1 in rep 4) data={'word': 'RED', 'colour': 'red', 'stim_condition': 'C', 'correct_res': 'r', 'thisN': 17, 'thisTrialN': 1, 'thisRepN': 4}>
19.9531 	DATA 	Keypress: b
19.9593 	EXP 	fixation: autoDraw = False
19.9593 	EXP 	text: autoDraw = False
19.9593 	EXP 	text: foreColor = <psychopy.colors.Color: red, alpha=1.0>
19.9593 	EXP 	text: text = 'RED'
19.9593 	EXP 	fixation: autoDraw = True
20.0595 	EXP 	Device response: <KeyPress from None: t=19.943166398996254, value=b, duration=0.10835527100425679>
20.4504 	EXP 	fixation: autoDraw = False
20.4504 	EXP 	text: autoDraw = True
20.8262 	EXP 	Device response: <KeyPress from None: t=20.820232929996564, value=r, duration=None>
20.8265 	EXP 	New trial (rep=4, index=2): <Trial 18 (2 in rep 4) data={'word': 'BLUE', 'colour': 'red', 'stim_condition': 'I', 'correct_res': 'r', 'thisN': 18, 'thisTrialN': 2, 'thisRepN': 4}>
20.8308 	DATA 	Keypress: r
20.8368 	EXP 	fixation: autoDraw = False
20.8368 	EXP 	text: autoDraw = False
20.8368 	EXP 	text: foreColor = <psychopy.colors.Color: red, alpha=1.0>
20.8368 	EXP 	text: height = np.float64(0.05)
20.8368 	EXP 	text: height = np.float64(0.05)
20.8368 	EXP 	text: height = np.float64(0.05)
20.8368 	EXP 	text: text = 'BLUE'
20.8368 	EXP 	fixation: autoDraw = True
21.0262 	EXP 	Device response: <KeyPress from None: t=20.820232929996564, value=r, duration=0.19624950700381305>
21.3174 	EXP 	fixation: autoDraw = False
21.3174 	EXP 	text: autoDraw = True
22.0264 	EXP 	Device response: <KeyPress from None: t=22.02414236399636, value=r, duration=None>
22.0267 	EXP 	New trial (rep=4, index=3): <Trial 19 (3 in rep 4) data={'word': 'BLUE', 'colour': 'blue', 'stim_condition': 'C', 'correct_res': 'b', 'thisN': 19, 'thisTrialN': 3, 'thisRepN': 4}>
22.0293 	DATA 	Keypress: r
22.0352 	EXP 	fixation: autoDraw = False
22.0352 	EXP 	text: autoDraw = False
22.0352 	EXP 	text: foreColor = <psychopy.colors.Color: blue, alpha=1.0>
22.0352 	EXP 	text: text = 'BLUE'
22.0352 	EXP 	fixation: autoDraw = True
22.1998 	EXP 	Device response: <KeyPress from None: t=22.02414236399636, value=r, duration=0.17228753700328525>
22.5245 	EXP 	fixation: autoDraw = False
22.5245 	EXP 	text: autoDraw = True
23.0000 	EXP 	Device response: <KeyPress from None: t=22.997018795998883, value=b, duration=None>
23.0003 	EXP 	New trial (rep=5, index=0): <Trial 20 (0 in rep 5) data={'word': 'BLUE', 'colour': 'blue', 'stim_condition': 'C', 'correct_res': 'b', 'thisN': 20, 'thisTrialN': 0, 'thisRepN': 5}>
23.0029 	DATA 	Keypress: b
23.0094 	EXP 	fixation: autoDraw = False
23.0094 	EXP 	text: autoDraw = False
23.0094 	EXP 	text: foreColor = <psychopy.colors.Color: blue, alpha=1.0>
23.0094 	EXP 	text: text = 'BLUE'
23.0094 	EXP 	fixation: autoDraw = True
23.1432 	EXP 	Device response: <KeyPress from None: t=22.997018795998883, value=b, duration=0.14430541099864058>
23.5003 	EXP 	fixation: autoDraw = False
23.5003 	EXP 	text: autoDraw = True
23.9666 	EXP 	Device response: <KeyPress from None: t=23.9590867299994, value=b, duration=None>
23.9669 	EXP 	New trial (rep=5, index=1): <Trial 21 (1 in rep 5) data={'word': 'BLUE', 'colour': 'red', 'stim_condition': 'I', 'correct_res': 'r', 'thisN': 21, 'thisTrialN': 1, 'thisRepN': 5}>
23.9695 	DATA 	Keypress: b
23.9758 	EXP 	fixation: autoDraw = False
23.9758 	EXP 	text: autoDraw = False
23.9758 	EXP 	text: foreColor = <psychopy.colors.Color: red, alpha=1.0>
23.9758 	EXP 	text: text = 'BLUE'
23.9758 	EXP 	fixation: autoDraw = True
24.0761 	EXP 	Device response: <KeyPress from None: t=23.9590867299994, value=b, duration=0.10815056000137702>
24.4672 	EXP 	fixation: autoDraw = False
24.4672 	EXP 	text: autoDraw = True
24.7932 	EXP 	Device response: <KeyPress from None: t=24.791983171999163, value=r, duration=None>
24.7935 	EXP 	New trial (rep=5, index=2): <Trial 22 (2 in rep 5) data={'word': 'RED', 'colour': 'blue', 'stim_condition': 'I', 'correct_res': 'b', 'thisN': 22, 'thisTrialN': 2, 'thisRepN': 5}>
24.7979 	DATA 	Keypress: r
24.8046 	EXP 	fixation: autoDraw = False
24.8046 	EXP 	text: autoDraw = False
24.8046 	EXP 	text: foreColor = <psychopy.colors.Color: blue, alpha=1.0>
24.8046 	EXP 	text: height = np.float64(0.05)
24.8046 	EXP 	text: height = np.float64(0.05)
24.8046 	EXP 	text: height = np.float64(0.05)
24.8046 	EXP 	text: text = 'RED'
24.8046 	EXP 	fixation: autoDraw = True
24.9929 	EXP 	Device response: <KeyPress from None: t=24.791983171999163, value=r, duration=0.192303436997463>
25.2922 	EXP 	fixation: autoDraw = False
25.2922 	EXP 	text: autoDraw = True
25.8094 	EXP 	Device response: <KeyPress from None: t=25.80194782699982, value=b, duration=None>
25.8097 	EXP 	New trial (rep=5, index=3): <Trial 23 (3 in rep 5) data={'word': 'RED', 'colour': 'red', 'stim_condition': 'C', 'correct_res': 'r', 'thisN': 23, 'thisTrialN': 3, 'thisRepN': 5}>
25.8123 	DATA 	Keypress: b
25.8182 	EXP 	fixation: autoDraw = False
25.8182 	EXP 	text: autoDraw = False
25.8182 	EXP 	text: foreColor = <psychopy.colors.Color: red, alpha=1.0>
25.8182 	EXP 	text: text = 'RED'
25.8182 	EXP 	fixation: autoDraw = True
25.9429 	EXP 	Device response: <KeyPress from None: t=25.80194782699982, value=b, duration=0.13221861900092335>
26.3088 	EXP 	fixation: autoDraw = False
26.3088 	EXP 	text: autoDraw = True
26.9094 	EXP 	Device response: <KeyPress from None: t=26.903974076994928, value=r, duration=None>
26.9097 	EXP 	New trial (rep=6, index=0): <Trial 24 (0 in rep 6) data={'word': 'BLUE', 'colour': 'blue', 'stim_condition': 'C', 'correct_res': 'b', 'thisN': 24, 'thisTrialN': 0, 'thisRepN': 6}>
26.9140 	DATA 	Keypress: r
26.9199 	EXP 	fixation: autoDraw = False
26.9199 	EXP 	text: autoDraw = False
26.9199 	EXP 	text: foreColor = <psychopy.colors.Color: blue, alpha=1.0>
26.9199 	EXP 	text: height = np.float64(0.05)
26.9199 	EXP 	text: height = np.float64(0.05)
26.9199 	EXP 	text: height = np.float64(0.05)
26.9199 	EXP 	text: text = 'BLUE'
26.9199 	EXP 	fixation: autoDraw = True
27.1097 	EXP 	Device response: <KeyPress from None: t=26.903974076994928, value=r, duration=0.19611910200183047>
27.4010 	EXP 	fixation: autoDraw = False
27.4010 	EXP 	text: autoDraw = True
27.8765 	EXP 	Device response: <KeyPress from None: t=27.87078063399531, value=b, duration=None>
27.8768 	EXP 	New trial (rep=6, index=1): <Trial 25 (1 in rep 6) data={'word': 'RED', 'colour': 'red', 'stim_condition': 'C', 'correct_res': 'r', 'thisN': 25, 'thisTrialN': 1, 'thisRepN': 6}>
27.8815 	DATA 	Keypress: b
27.8883 	EXP 	fixation: autoDraw = False
27.8883 	EXP 	text: autoDraw = False
27.8883 	EXP 	text: foreColor = <psychopy.colors.Color: red, alpha=1.0>
27.8883 	EXP 	text: height = np.float64(0.05)
27.8883 	EXP 	text: height = np.float64(0.05)
27.8883 	EXP 	text: height = np.float64(0.05)
27.8883 	EXP 	text: text = 'RED'
27.8883 	EXP 	fixation: autoDraw = True
27.9667 	EXP 	Device response: <KeyPress from None: t=27.87078063399531, value=b, duration=0.09232685399911134>
28.3680 	EXP 	fixation: autoDraw = False
28.3680 	EXP 	text: autoDraw = True
28.7264 	EXP 	Device response: <KeyPress from None: t=28.720744164995267, value=r, duration=None>
28.7267 	EXP 	New trial (rep=6, index=2): <Trial 26 (2 in rep 6) data={'word': 'BLUE', 'colour': 'red', 'stim_condition': 'I', 'correct_res': 'r', 'thisN': 26, 'thisTrialN': 2, 'thisRepN': 6}>
28.7310 	DATA 	Keypress: r
28.7378 	EXP 	fixation: autoDraw = False
28.7378 	EXP 	text: autoDraw = False
28.7378 	EXP 	text: foreColor = <psychopy.colors.Color: red, alpha=1.0>
28.7378 	EXP 	text: height = np.float64(0.05)
28.7378 	EXP 	text: height = np.float64(0.05)
28.7378 	EXP 	text: height = np.float64(0.05)
28.7378 	EXP 	text: text = 'BLUE'
28.7378 	EXP 	fixation: autoDraw = True
28.9167 	EXP 	Device response: <KeyPress from None: t=28.720744164995267, value=r, duration=0.1884900299992296>
29.2177 	EXP 	fixation: autoDraw = False
29.2177 	EXP 	text: autoDraw = True
29.8265 	EXP 	Device response: <KeyPress from None: t=29.82271995300107, value=b, duration=None>
29.8268 	EXP 	New trial (rep=6, index=3): <Trial 27 (3 in rep 6) data={'word': 'RED', 'colour': 'blue', 'stim_condition': 'I', 'correct_res': 'b', 'thisN': 27, 'thisTrialN': 3, 'thisRepN': 6}>
29.8310 	DATA 	Keypress: b
29.8371 	EXP 	fixation: autoDraw = False
29.8371 	EXP 	text: autoDraw = False
29.8371 	EXP 	text: foreColor = <psychopy.colors.Color: blue, alpha=1.0>
29.8371 	EXP 	text: height = np.float64(0.05)
29.8371 	EXP 	text: height = np.float64(0.05)
29.8371 	EXP 	text: height = np.float64(0.05)
29.8371 	EXP 	text: text = 'RED'
29.8371 	EXP 	fixation: autoDraw = True
29.9765 	EXP 	Device response: <KeyPress from None: t=29.82271995300107, value=b, duration=0.1484245519968681>
30.3179 	EXP 	fixation: autoDraw = False
30.3179 	EXP 	text: autoDraw = True
31.5264 	EXP 	Device response: <KeyPress from None: t=31.522735048994946, value=b, duration=None>
31.5266 	EXP 	New trial (rep=7, index=0): <Trial 28 (0 in rep 7) data={'word': 'RED', 'colour': 'red', 'stim_condition': 'C', 'correct_res': 'r', 'thisN': 28, 'thisTrialN': 0, 'thisRepN': 7}>
31.5292 	DATA 	Keypress: b
31.5361 	EXP 	fixation: autoDraw = False
31.5361 	EXP 	text: autoDraw = False
31.5361 	EXP 	text: foreColor = <psychopy.colors.Color: red, alpha=1.0>
31.5361 	EXP 	text: text = 'RED'
31.5361 	EXP 	fixation: autoDraw = True
31.6668 	EXP 	Device response: <KeyPress from None: t=31.522735048994946, value=b, duration=0.14024490100564435>
32.0255 	EXP 	fixation: autoDraw = False
32.0255 	EXP 	text: autoDraw = True
32.4093 	EXP 	Device response: <KeyPress from None: t=32.39954910099914, value=r, duration=None>
32.4096 	EXP 	New trial (rep=7, index=1): <Trial 29 (1 in rep 7) data={'word': 'RED', 'colour': 'blue', 'stim_condition': 'I', 'correct_res': 'b', 'thisN': 29, 'thisTrialN': 1, 'thisRepN': 7}>
32.4121 	DATA 	Keypress: r
32.4187 	EXP 	fixation: autoDraw = False
32.4187 	EXP 	text: autoDraw = False
32.4187 	EXP 	text: foreColor = <psychopy.colors.Color: blue, alpha=1.0>
32.4187 	EXP 	text: text = 'RED'
32.4187 	EXP 	fixation: autoDraw = True
32.5596 	EXP 	Device response: <KeyPress from None: t=32.39954910099914, value=r, duration=0.15626688599877525>
32.9003 	EXP 	fixation: autoDraw = False
32.9003 	EXP 	text: autoDraw = True
33.3093 	EXP 	Device response: <KeyPress from None: t=33.30360357600148, value=r, duration=None>
33.3096 	EXP 	New trial (rep=7, index=2): <Trial 30 (2 in rep 7) data={'word': 'BLUE', 'colour': 'blue', 'stim_condition': 'C', 'correct_res': 'b', 'thisN': 30, 'thisTrialN': 2, 'thisRepN': 7}>
33.3143 	DATA 	Keypress: r
33.3203 	EXP 	fixation: autoDraw = False
33.3203 	EXP 	text: autoDraw = False
33.3203 	EXP 	text: foreColor = <psychopy.colors.Color: blue, alpha=1.0>
33.3203 	EXP 	text: height = np.float64(0.05)
33.3203 	EXP 	text: height = np.float64(0.05)
33.3203 	EXP 	text: height = np.float64(0.05)
33.3203 	EXP 	text: text = 'BLUE'
33.3203 	EXP 	fixation: autoDraw = True
33.4594 	EXP 	Device response: <KeyPress from None: t=33.30360357600148, value=r, duration=0.14848165199509822>
33.8000 	EXP 	fixation: autoDraw = False
33.8000 	EXP 	text: autoDraw = True
34.4429 	EXP 	Device response: <KeyPress from None: t=34.44051637299708, value=b, duration=None>
34.4432 	EXP 	New trial (rep=7, index=3): <Trial 31 (3 in rep 7) data={'word': 'BLUE', 'colour': 'red', 'stim_condition': 'I', 'correct_res': 'r', 'thisN': 31, 'thisTrialN': 3, 'thisRepN': 7}>
34.4458 	DATA 	Keypress: b
34.4517 	EXP 	fixation: autoDraw = False
34.4517 	EXP 	text: autoDraw = False
34.4517 	EXP 	text: foreColor = <psychopy.colors.Color: red, alpha=1.0>
34.4517 	EXP 	text: text = 'BLUE'
34.4517 	EXP 	fixation: autoDraw = True
34.6096 	EXP 	Device response: <KeyPress from None: t=34.44051637299708, value=b, duration=0.1642714710033033>
34.9422 	EXP 	fixation: autoDraw = False
34.9422 	EXP 	text: autoDraw = True
35.5597 	EXP 	Device response: <KeyPress from None: t=35.55440642499889, value=r, duration=None>
35.5600 	EXP 	New trial (rep=8, index=0): <Trial 32 (0 in rep 8) data={'word': 'RED', 'colour': 'red', 'stim_condition': 'C', 'correct_res': 'r', 'thisN': 32, 'thisTrialN': 0, 'thisRepN': 8}>
35.5644 	DATA 	Keypress: r
35.5710 	EXP 	fixation: autoDraw = False
35.5710 	EXP 	text: autoDraw = False
35.5710 	EXP 	text: foreColor = <psychopy.colors.Color: red, alpha=1.0>
35.5710 	EXP 	text: height = np.float64(0.05)
35.5710 	EXP 	text: height = np.float64(0.05)
35.5710 	EXP 	text: height = np.float64(0.05)
35.5710 	EXP 	text: text = 'RED'
35.5710 	EXP 	fixation: autoDraw = True
35.6926 	EXP 	Device response: <KeyPress from None: t=35.55440642499889, value=r, duration=0.12819453999691177>
36.0578 	EXP 	fixation: autoDraw = False
36.0578 	EXP 	text: autoDraw = True
37.0763 	EXP 	Device response: <KeyPress from None: t=37.071390544995666, value=r, duration=None>
37.0766 	EXP 	New trial (rep=8, index=1): <Trial 33 (1 in rep 8) data={'word': 'BLUE', 'colour': 'red', 'stim_condition': 'I', 'correct_res': 'r', 'thisN': 33, 'thisTrialN': 1, 'thisRepN': 8}>
37.0810 	DATA 	Keypress: r
37.0876 	EXP 	fixation: autoDraw = False
37.0876 	EXP 	text: autoDraw = False
37.0876 	EXP 	text: foreColor = <psychopy.colors.Color: red, alpha=1.0>
37.0876 	EXP 	text: height = np.float64(0.05)
37.0876 	EXP 	text: height = np.float64(0.05)
37.0876 	EXP 	text: height = np.float64(0.05)
37.0876 	EXP 	text: text = 'BLUE'
37.0876 	EXP 	fixation: autoDraw = True
37.2092 	EXP 	Device response: <KeyPress from None: t=37.071390544995666, value=r, duration=0.12820590200135484>
37.5755 	EXP 	fixation: autoDraw = False
37.5755 	EXP 	text: autoDraw = True
38.2264 	EXP 	Device response: <KeyPress from None: t=38.22531899799651, value=r, duration=None>
38.2267 	EXP 	New trial (rep=8, index=2): <Trial 34 (2 in rep 8) data={'word': 'RED', 'colour': 'blue', 'stim_condition': 'I', 'correct_res': 'b', 'thisN': 34, 'thisTrialN': 2, 'thisRepN': 8}>
38.2311 	DATA 	Keypress: r
38.2371 	EXP 	fixation: autoDraw = False
38.2371 	EXP 	text: autoDraw = False
38.2371 	EXP 	text: foreColor = <psychopy.colors.Color: blue, alpha=1.0>
38.2371 	EXP 	text: height = np.float64(0.05)
38.2371 	EXP 	text: height = np.float64(0.05)
38.2371 	EXP 	text: height = np.float64(0.05)
38.2371 	EXP 	text: text = 'RED'
38.2371 	EXP 	fixation: autoDraw = True
38.3759 	EXP 	Device response: <KeyPress from None: t=38.22531899799651, value=r, duration=0.14421838900307193>
38.7255 	EXP 	fixation: autoDraw = False
38.7255 	EXP 	text: autoDraw = True
39.1999 	EXP 	Device response: <KeyPress from None: t=39.19231233299797, value=b, duration=None>
39.2002 	EXP 	New trial (rep=8, index=3): <Trial 35 (3 in rep 8) data={'word': 'BLUE', 'colour': 'blue', 'stim_condition': 'C', 'correct_res': 'b', 'thisN': 35, 'thisTrialN': 3, 'thisRepN': 8}>
39.2047 	DATA 	Keypress: b
39.2121 	EXP 	fixation: autoDraw = False
39.2121 	EXP 	text: autoDraw = False
39.2121 	EXP 	text: foreColor = <psychopy.colors.Color: blue, alpha=1.0>
39.2121 	EXP 	text: height = np.float64(0.05)
39.2121 	EXP 	text: height = np.float64(0.05)
39.2121 	EXP 	text: height = np.float64(0.05)
39.2121 	EXP 	text: text = 'BLUE'
39.2121 	EXP 	fixation: autoDraw = True
39.3337 	EXP 	Device response: <KeyPress from None: t=39.19231233299797, value=b, duration=0.13624018800328486>
39.7005 	EXP 	fixation: autoDraw = False
39.7005 	EXP 	text: autoDraw = True
40.1091 	EXP 	Device response: <KeyPress from None: t=40.10133131600014, value=b, duration=None>
40.1094 	EXP 	New trial (rep=9, index=0): <Trial 36 (0 in rep 9) data={'word': 'BLUE', 'colour': 'blue', 'stim_condition': 'C', 'correct_res': 'b', 'thisN': 36, 'thisTrialN': 0, 'thisRepN': 9}>
40.1120 	DATA 	Keypress: b
40.1184 	EXP 	fixation: autoDraw = False
40.1184 	EXP 	text: autoDraw = False
40.1184 	EXP 	text: foreColor = <psychopy.colors.Color: blue, alpha=1.0>
40.1184 	EXP 	text: text = 'BLUE'
40.1184 	EXP 	fixation: autoDraw = True
40.2759 	EXP 	Device response: <KeyPress from None: t=40.10133131600014, value=b, duration=0.16426226199837402>
40.6002 	EXP 	fixation: autoDraw = False
40.6002 	EXP 	text: autoDraw = True
41.2169 	EXP 	Device response: <KeyPress from None: t=41.21023096799763, value=b, duration=None>
41.2172 	EXP 	New trial (rep=9, index=1): <Trial 37 (1 in rep 9) data={'word': 'RED', 'colour': 'blue', 'stim_condition': 'I', 'correct_res': 'b', 'thisN': 37, 'thisTrialN': 1, 'thisRepN': 9}>
41.2224 	DATA 	Keypress: b
41.2290 	EXP 	fixation: autoDraw = False
41.2290 	EXP 	text: autoDraw = False
41.2290 	EXP 	text: foreColor = <psychopy.colors.Color: blue, alpha=1.0>
41.2290 	EXP 	text: height = np.float64(0.05)
41.2290 	EXP 	text: height = np.float64(0.05)
41.2290 	EXP 	text: height = np.float64(0.05)
41.2290 	EXP 	text: text = 'RED'
41.2290 	EXP 	fixation: autoDraw = True
41.3595 	EXP 	Device response: <KeyPress from None: t=41.21023096799763, value=b, duration=0.1441237809995073>
41.7159 	EXP 	fixation: autoDraw = False
41.7159 	EXP 	text: autoDraw = True
42.6998 	EXP 	Device response: <KeyPress from None: t=42.69219679799426, value=b, duration=None>
42.7001 	EXP 	New trial (rep=9, index=2): <Trial 38 (2 in rep 9) data={'word': 'BLUE', 'colour': 'red', 'stim_condition': 'I', 'correct_res': 'r', 'thisN': 38, 'thisTrialN': 2, 'thisRepN': 9}>
42.7048 	DATA 	Keypress: b
42.7121 	EXP 	fixation: autoDraw = False
42.7121 	EXP 	text: autoDraw = False
42.7121 	EXP 	text: foreColor = <psychopy.colors.Color: red, alpha=1.0>
42.7121 	EXP 	text: height = np.float64(0.05)
42.7121 	EXP 	text: height = np.float64(0.05)
42.7121 	EXP 	text: height = np.float64(0.05)
42.7121 	EXP 	text: text = 'BLUE'
42.7121 	EXP 	fixation: autoDraw = True
42.8594 	EXP 	Device response: <KeyPress from None: t=42.69219679799426, value=b, duration=0.16423123200365808>
43.1997 	EXP 	fixation: autoDraw = False
43.1997 	EXP 	text: autoDraw = True
43.7427 	EXP 	Device response: <KeyPress from None: t=43.73404382100125, value=r, duration=None>
43.7430 	EXP 	New trial (rep=9, index=3): <Trial 39 (3 in rep 9) data={'word': 'RED', 'colour': 'red', 'stim_condition': 'C', 'correct_res': 'r', 'thisN': 39, 'thisTrialN': 3, 'thisRepN': 9}>
43.7477 	DATA 	Keypress: r
43.7542 	EXP 	fixation: autoDraw = False
43.7542 	EXP 	text: autoDraw = False
43.7542 	EXP 	text: foreColor = <psychopy.colors.Color: red, alpha=1.0>
43.7542 	EXP 	text: height = np.float64(0.05)
43.7542 	EXP 	text: height = np.float64(0.05)
43.7542 	EXP 	text: height = np.float64(0.05)
43.7542 	EXP 	text: text = 'RED'
43.7542 	EXP 	fixation: autoDraw = True
43.9000 	EXP 	Device response: <KeyPress from None: t=43.73404382100125, value=r, duration=0.16042206499696476>
44.2338 	EXP 	fixation: autoDraw = False
44.2338 	EXP 	text: autoDraw = True
44.7093 	EXP 	Device response: <KeyPress from None: t=44.70103345599637, value=r, duration=None>
44.7129 	DATA 	Keypress: r
44.7187 	EXP 	fixation: autoDraw = False
44.7187 	EXP 	text: autoDraw = False
44.7187 	EXP 	text_3: autoDraw = True
44.8491 	EXP 	Device response: <KeyPress from None: t=44.70103345599637, value=r, duration=0.14446352099912474>
45.7146 	EXP 	text_3: autoDraw = False
45.7146 	EXP 	text_3: autoDraw = False
45.7148 	EXP 	stroop: status = STOPPED
45.7316 	INFO 	saved data to '/Users/ayk-j/Desktop/Stroop Task/data/02_stroop_2025-08-26_09h34.59.925.csv'
45.7380 	INFO 	saved data to /Users/ayk-j/Desktop/Stroop Task/data/02_stroop_2025-08-26_09h34.59.925.psydat
46.5465 	WARNING 	Stopping key buffers but this could be dangerous ifother keyboards rely on the same.
46.5466 	WARNING 	Stopping key buffers but this could be dangerous ifother keyboards rely on the same.
