28.7022 	WARNING 	Font Manager failed to load file /System/Library/PrivateFrameworks/FontServices.framework/Resources/Reserved/PingFangUI.ttc
28.8947 	WARNING 	Font Manager failed to load file /System/Library/PrivateFrameworks/FontServices.framework/Resources/Reserved/PingFangUI.ttc
138.0775 	INFO 	Loaded monitor calibration from ['2025_08_12 09:40']
138.0895 	WARNING 	User requested fullscreen with size [1024  768], but screen is actually [1440, 900]. Using actual size
138.3587 	INFO 	Using renderer 'Intel(R) Iris(TM) Plus Graphics 655' for graphics
138.3587 	INFO 	OpenGL version supported by driver is 2..
138.3790 	EXP 	Created window1 = Window(allowGUI=False, allowStencil=False, autoLog=True, backendConf=UNKNOWN, backgroundFit=<method-wrapper '__getattribute__' of attributeSetter object at 0x137512830>, backgroundImage=<method-wrapper '__getattribute__' of attributeSetter object at 0x137512890>, bitsMode=UNKNOWN, blendMode='avg', bpc=(8, 8, 8), color=array([0, 0, 0]), colorSpace='rgb', depthBits=8, fullscr=True, gamma=None, gammaErrorPolicy='raise', infoMsg=UNKNOWN, lms=UNKNOWN, monitor=<psychopy.monitors.calibTools.Monitor object at 0x137593f10>, multiSample=False, name='window1', numSamples=2, pos=[np.float64(0.0), np.float64(0.0)], screen=0, size=array([2880, 1800]), stencilBits=0, stereo=False, title='PsychoPy', units='height', useFBO=True, useRetina=True, viewOri=0.0, viewPos=None, viewScale=None, waitBlanking=True, winType='pyglet')
138.3790 	EXP 	window1: backgroundImage = ''
138.3790 	EXP 	window1: backgroundFit = 'none'
138.8563 	EXP 	window1: Attempting to measure frame rate of screen (0) ...
138.8563 	EXP 	window1: recordFrameIntervals = False
139.3354 	EXP 	window1: recordFrameIntervals = True
139.4576 	WARNING 	t of last frame was 21.26ms (=1/47)
139.5848 	WARNING 	t of last frame was 26.89ms (=1/37)
139.7360 	EXP 	Screen (0) actual frame rate measured at 81.33Hz
139.7361 	EXP 	window1: recordFrameIntervals = False
142.1266 	INFO 	keyboard.Keyboard is using ptb backend.
142.5343 	INFO 	keyboard.Keyboard is using ptb backend.
142.5344 	EXP 	stroop: status = STARTED
142.5899 	EXP 	Created text_2 = TextStim(__class__=<class 'psychopy.visual.text.TextStim'>, alignHoriz=method-wrapper(...), alignText='center', alignVert=method-wrapper(...), anchorHoriz='center', anchorVert='center', antialias=True, autoDraw=False, autoLog=True, bold=False, color=array([1., 1., 1.]), colorSpace='rgb', contrast=1.0, depth=0.0, draggable=False, flipHoriz=False, flipVert=False, font='Arial', fontFiles=[], height=np.float64(0.05), italic=False, languageStyle='LTR', name='text_2', opacity=1, ori=0.0, pos=array([0., 0.]), rgb=UNKNOWN, text='Welcome', units='height', win=Window(...), wrapWidth=1)
142.5972 	EXP 	Created fixation = ShapeStim(__class__=<class 'psychopy.visual.shape.ShapeStim'>, anchor=('center', 'center'), autoDraw=False, autoLog=True, closeShape=True, color=method-wrapper(...), colorSpace='rgb', contrast=None, depth=0.0, draggable=False, fillColor=array([1, 1, 1]), fillColorSpace='rgb', fillRGB=array([1, 1, 1]), interpolate=True, lineColor=array([1., 1., 1.]), lineColorSpace='rgb', lineRGB=array([1, 1, 1]), lineWidth=1.0, name='fixation', opacity=1, ori=0.0, pos=array([0., 0.]), size=array([10., 10.]), units='pix', vertices=ndarray(...), win=Window(...), windingRule=None)
142.5985 	EXP 	Created text = TextStim(__class__=<class 'psychopy.visual.text.TextStim'>, alignHoriz=method-wrapper(...), alignText='center', alignVert=method-wrapper(...), anchorHoriz='center', anchorVert='center', antialias=True, autoDraw=False, autoLog=True, bold=False, color=array([1., 1., 1.]), colorSpace='rgb', contrast=1.0, depth=-1.0, draggable=False, flipHoriz=False, flipVert=False, font='Arial', fontFiles=[], height=0.05, italic=False, languageStyle='LTR', name='text', opacity=1, ori=0.0, pos=array([0., 0.]), rgb=UNKNOWN, text='', units='height', win=Window(...), wrapWidth=1)
142.6091 	EXP 	Created text_3 = TextStim(__class__=<class 'psychopy.visual.text.TextStim'>, alignHoriz=method-wrapper(...), alignText='center', alignVert=method-wrapper(...), anchorHoriz='center', anchorVert='center', antialias=True, autoDraw=False, autoLog=True, bold=False, color=array([1., 1., 1.]), colorSpace='rgb', contrast=1.0, depth=0.0, draggable=False, flipHoriz=False, flipVert=False, font='Arial', fontFiles=[], height=np.float64(0.05), italic=False, languageStyle='LTR', name='text_3', opacity=1, ori=0.0, pos=array([0., 0.]), rgb=UNKNOWN, text='Thank you', units='height', win=Window(...), wrapWidth=1)
0.0479 	EXP 	text_2: autoDraw = True
1.0170 	EXP 	Imported /Users/ayk-j/Desktop/Stroop Task/Conditions.xlsx as conditions, 4 conditions, 4 params
1.0180 	EXP 	New trial (rep=0, index=0): <Trial 0 (0 in rep 0) data={'word': 'RED', 'colour': 'blue', 'stim_condition': 'I', 'correct_res': 'b', 'thisN': 0, 'thisTrialN': 0, 'thisRepN': 0}>
1.0350 	EXP 	text_2: autoDraw = False
1.0350 	EXP 	text: foreColor = <psychopy.colors.Color: blue, alpha=1.0>
1.0350 	EXP 	text: height = np.float64(0.05)
1.0350 	EXP 	text: height = np.float64(0.05)
1.0350 	EXP 	text: height = np.float64(0.05)
1.0350 	EXP 	text: text = 'RED'
1.0350 	EXP 	fixation: autoDraw = True
1.4997 	EXP 	fixation: autoDraw = False
1.4997 	EXP 	text: autoDraw = True
3.0357 	EXP 	Device response: <KeyPress from None: t=2.7194951409983332, value=b, duration=None>
3.0361 	EXP 	Device response: <KeyPress from None: t=2.7194951409983332, value=b, duration=0.11763644500024384>
3.0363 	EXP 	New trial (rep=0, index=1): <Trial 1 (1 in rep 0) data={'word': 'BLUE', 'colour': 'red', 'stim_condition': 'I', 'correct_res': 'r', 'thisN': 1, 'thisTrialN': 1, 'thisRepN': 0}>
3.0463 	DATA 	Keypress: b
3.0555 	EXP 	fixation: autoDraw = False
3.0555 	EXP 	text: autoDraw = False
3.0555 	EXP 	text: foreColor = <psychopy.colors.Color: red, alpha=1.0>
3.0555 	EXP 	text: height = np.float64(0.05)
3.0555 	EXP 	text: height = np.float64(0.05)
3.0555 	EXP 	text: height = np.float64(0.05)
3.0555 	EXP 	text: text = 'BLUE'
3.0555 	EXP 	fixation: autoDraw = True
3.5326 	EXP 	fixation: autoDraw = False
3.5326 	EXP 	text: autoDraw = True
3.8156 	EXP 	Device response: <KeyPress from None: t=3.810984465999354, value=r, duration=None>
3.8159 	EXP 	New trial (rep=0, index=2): <Trial 2 (2 in rep 0) data={'word': 'RED', 'colour': 'red', 'stim_condition': 'C', 'correct_res': 'r', 'thisN': 2, 'thisTrialN': 2, 'thisRepN': 0}>
3.8204 	DATA 	Keypress: r
3.8405 	EXP 	fixation: autoDraw = False
3.8405 	EXP 	text: autoDraw = False
3.8405 	EXP 	text: foreColor = <psychopy.colors.Color: red, alpha=1.0>
3.8405 	EXP 	text: height = np.float64(0.05)
3.8405 	EXP 	text: height = np.float64(0.05)
3.8405 	EXP 	text: height = np.float64(0.05)
3.8405 	EXP 	text: text = 'RED'
3.8405 	EXP 	fixation: autoDraw = True
3.9920 	EXP 	Device response: <KeyPress from None: t=3.810984465999354, value=r, duration=0.17238699099834776>
4.3163 	EXP 	fixation: autoDraw = False
4.3163 	EXP 	text: autoDraw = True
4.6988 	EXP 	Device response: <KeyPress from None: t=4.695827536001161, value=r, duration=None>
4.6991 	EXP 	New trial (rep=0, index=3): <Trial 3 (3 in rep 0) data={'word': 'BLUE', 'colour': 'blue', 'stim_condition': 'C', 'correct_res': 'b', 'thisN': 3, 'thisTrialN': 3, 'thisRepN': 0}>
4.7074 	DATA 	Keypress: r
4.7143 	EXP 	fixation: autoDraw = False
4.7143 	EXP 	text: autoDraw = False
4.7143 	EXP 	text: foreColor = <psychopy.colors.Color: blue, alpha=1.0>
4.7143 	EXP 	text: height = np.float64(0.05)
4.7143 	EXP 	text: height = np.float64(0.05)
4.7143 	EXP 	text: height = np.float64(0.05)
4.7143 	EXP 	text: text = 'BLUE'
4.7143 	EXP 	fixation: autoDraw = True
4.8420 	EXP 	Device response: <KeyPress from None: t=4.695827536001161, value=r, duration=0.14041811099741608>
5.1996 	EXP 	fixation: autoDraw = False
5.1996 	EXP 	text: autoDraw = True
5.5318 	EXP 	Device response: <KeyPress from None: t=5.52883689400187, value=b, duration=None>
5.5321 	EXP 	New trial (rep=1, index=0): <Trial 4 (0 in rep 1) data={'word': 'RED', 'colour': 'blue', 'stim_condition': 'I', 'correct_res': 'b', 'thisN': 4, 'thisTrialN': 0, 'thisRepN': 1}>
5.5364 	DATA 	Keypress: b
5.5425 	EXP 	fixation: autoDraw = False
5.5425 	EXP 	text: autoDraw = False
5.5425 	EXP 	text: foreColor = <psychopy.colors.Color: blue, alpha=1.0>
5.5425 	EXP 	text: height = np.float64(0.05)
5.5425 	EXP 	text: height = np.float64(0.05)
5.5425 	EXP 	text: height = np.float64(0.05)
5.5425 	EXP 	text: text = 'RED'
5.5425 	EXP 	fixation: autoDraw = True
5.6585 	EXP 	Device response: <KeyPress from None: t=5.52883689400187, value=b, duration=0.12042220000148518>
6.0328 	EXP 	fixation: autoDraw = False
6.0328 	EXP 	text: autoDraw = True
6.3321 	EXP 	Device response: <KeyPress from None: t=6.327898067997012, value=r, duration=None>
6.3324 	EXP 	New trial (rep=1, index=1): <Trial 5 (1 in rep 1) data={'word': 'BLUE', 'colour': 'blue', 'stim_condition': 'C', 'correct_res': 'b', 'thisN': 5, 'thisTrialN': 1, 'thisRepN': 1}>
6.3367 	DATA 	Keypress: r
6.3573 	EXP 	fixation: autoDraw = False
6.3573 	EXP 	text: autoDraw = False
6.3573 	EXP 	text: foreColor = <psychopy.colors.Color: blue, alpha=1.0>
6.3573 	EXP 	text: height = np.float64(0.05)
6.3573 	EXP 	text: height = np.float64(0.05)
6.3573 	EXP 	text: height = np.float64(0.05)
6.3573 	EXP 	text: text = 'BLUE'
6.3573 	EXP 	fixation: autoDraw = True
6.4753 	EXP 	Device response: <KeyPress from None: t=6.327898067997012, value=r, duration=0.14022831900365418>
6.8330 	EXP 	fixation: autoDraw = False
6.8330 	EXP 	text: autoDraw = True
7.3992 	EXP 	Device response: <KeyPress from None: t=7.395877292001387, value=b, duration=None>
7.3995 	EXP 	New trial (rep=1, index=2): <Trial 6 (2 in rep 1) data={'word': 'RED', 'colour': 'red', 'stim_condition': 'C', 'correct_res': 'r', 'thisN': 6, 'thisTrialN': 2, 'thisRepN': 1}>
7.4039 	DATA 	Keypress: b
7.4111 	EXP 	fixation: autoDraw = False
7.4111 	EXP 	text: autoDraw = False
7.4111 	EXP 	text: foreColor = <psychopy.colors.Color: red, alpha=1.0>
7.4111 	EXP 	text: height = np.float64(0.05)
7.4111 	EXP 	text: height = np.float64(0.05)
7.4111 	EXP 	text: height = np.float64(0.05)
7.4111 	EXP 	text: text = 'RED'
7.4111 	EXP 	fixation: autoDraw = True
7.5255 	EXP 	Device response: <KeyPress from None: t=7.395877292001387, value=b, duration=0.12027433999901405>
7.8997 	EXP 	fixation: autoDraw = False
7.8997 	EXP 	text: autoDraw = True
8.4420 	EXP 	Device response: <KeyPress from None: t=8.4358480660012, value=r, duration=None>
8.4423 	EXP 	New trial (rep=1, index=3): <Trial 7 (3 in rep 1) data={'word': 'BLUE', 'colour': 'red', 'stim_condition': 'I', 'correct_res': 'r', 'thisN': 7, 'thisTrialN': 3, 'thisRepN': 1}>
8.4466 	DATA 	Keypress: r
8.4523 	EXP 	fixation: autoDraw = False
8.4523 	EXP 	text: autoDraw = False
8.4523 	EXP 	text: foreColor = <psychopy.colors.Color: red, alpha=1.0>
8.4523 	EXP 	text: height = np.float64(0.05)
8.4523 	EXP 	text: height = np.float64(0.05)
8.4523 	EXP 	text: height = np.float64(0.05)
8.4523 	EXP 	text: text = 'BLUE'
8.4523 	EXP 	fixation: autoDraw = True
8.5755 	EXP 	Device response: <KeyPress from None: t=8.4358480660012, value=r, duration=0.1360957889992278>
8.9330 	EXP 	fixation: autoDraw = False
8.9330 	EXP 	text: autoDraw = True
9.4922 	EXP 	Device response: <KeyPress from None: t=9.488761369997519, value=r, duration=None>
9.4925 	EXP 	New trial (rep=2, index=0): <Trial 8 (0 in rep 2) data={'word': 'RED', 'colour': 'red', 'stim_condition': 'C', 'correct_res': 'r', 'thisN': 8, 'thisTrialN': 0, 'thisRepN': 2}>
9.4968 	DATA 	Keypress: r
9.5027 	EXP 	fixation: autoDraw = False
9.5027 	EXP 	text: autoDraw = False
9.5027 	EXP 	text: foreColor = <psychopy.colors.Color: red, alpha=1.0>
9.5027 	EXP 	text: height = np.float64(0.05)
9.5027 	EXP 	text: height = np.float64(0.05)
9.5027 	EXP 	text: height = np.float64(0.05)
9.5027 	EXP 	text: text = 'RED'
9.5027 	EXP 	fixation: autoDraw = True
9.6089 	EXP 	Device response: <KeyPress from None: t=9.488761369997519, value=r, duration=0.11253328800376039>
9.9829 	EXP 	fixation: autoDraw = False
9.9829 	EXP 	text: autoDraw = True
10.3760 	EXP 	Device response: <KeyPress from None: t=10.374726747002569, value=r, duration=None>
10.3763 	EXP 	New trial (rep=2, index=1): <Trial 9 (1 in rep 2) data={'word': 'RED', 'colour': 'blue', 'stim_condition': 'I', 'correct_res': 'b', 'thisN': 9, 'thisTrialN': 1, 'thisRepN': 2}>
10.3828 	EXP 	fixation: autoDraw = False
10.3828 	EXP 	text: autoDraw = False
10.3828 	EXP 	text: foreColor = <psychopy.colors.Color: blue, alpha=1.0>
10.3828 	EXP 	text: text = 'RED'
10.3828 	EXP 	fixation: autoDraw = True
10.3857 	DATA 	Keypress: r
10.5255 	EXP 	Device response: <KeyPress from None: t=10.374726747002569, value=r, duration=0.14028060299460776>
10.8751 	EXP 	fixation: autoDraw = False
10.8751 	EXP 	text: autoDraw = True
11.1998 	EXP 	Device response: <KeyPress from None: t=11.192610327998409, value=b, duration=None>
11.2001 	EXP 	New trial (rep=2, index=2): <Trial 10 (2 in rep 2) data={'word': 'BLUE', 'colour': 'red', 'stim_condition': 'I', 'correct_res': 'r', 'thisN': 10, 'thisTrialN': 2, 'thisRepN': 2}>
11.2047 	DATA 	Keypress: b
11.2126 	EXP 	fixation: autoDraw = False
11.2126 	EXP 	text: autoDraw = False
11.2126 	EXP 	text: foreColor = <psychopy.colors.Color: red, alpha=1.0>
11.2126 	EXP 	text: height = np.float64(0.05)
11.2126 	EXP 	text: height = np.float64(0.05)
11.2126 	EXP 	text: height = np.float64(0.05)
11.2126 	EXP 	text: text = 'BLUE'
11.2126 	EXP 	fixation: autoDraw = True
11.3258 	EXP 	Device response: <KeyPress from None: t=11.192610327998409, value=b, duration=0.12838336400454864>
11.7001 	EXP 	fixation: autoDraw = False
11.7001 	EXP 	text: autoDraw = True
12.1423 	EXP 	Device response: <KeyPress from None: t=12.136579158999666, value=r, duration=None>
12.1425 	EXP 	New trial (rep=2, index=3): <Trial 11 (3 in rep 2) data={'word': 'BLUE', 'colour': 'blue', 'stim_condition': 'C', 'correct_res': 'b', 'thisN': 11, 'thisTrialN': 3, 'thisRepN': 2}>
12.1452 	DATA 	Keypress: r
12.1509 	EXP 	fixation: autoDraw = False
12.1509 	EXP 	text: autoDraw = False
12.1509 	EXP 	text: foreColor = <psychopy.colors.Color: blue, alpha=1.0>
12.1509 	EXP 	text: text = 'BLUE'
12.1509 	EXP 	fixation: autoDraw = True
12.2756 	EXP 	Device response: <KeyPress from None: t=12.136579158999666, value=r, duration=0.1361687160024303>
12.6415 	EXP 	fixation: autoDraw = False
12.6415 	EXP 	text: autoDraw = True
13.1657 	EXP 	Device response: <KeyPress from None: t=13.16255423000257, value=b, duration=None>
13.1660 	EXP 	New trial (rep=3, index=0): <Trial 12 (0 in rep 3) data={'word': 'BLUE', 'colour': 'red', 'stim_condition': 'I', 'correct_res': 'r', 'thisN': 12, 'thisTrialN': 0, 'thisRepN': 3}>
13.1685 	DATA 	Keypress: b
13.1748 	EXP 	fixation: autoDraw = False
13.1748 	EXP 	text: autoDraw = False
13.1748 	EXP 	text: foreColor = <psychopy.colors.Color: red, alpha=1.0>
13.1748 	EXP 	text: text = 'BLUE'
13.1748 	EXP 	fixation: autoDraw = True
13.3087 	EXP 	Device response: <KeyPress from None: t=13.16255423000257, value=b, duration=0.14025606100040022>
13.6662 	EXP 	fixation: autoDraw = False
13.6662 	EXP 	text: autoDraw = True
14.0253 	EXP 	Device response: <KeyPress from None: t=14.015558149003482, value=r, duration=None>
14.0256 	EXP 	New trial (rep=3, index=1): <Trial 13 (1 in rep 3) data={'word': 'BLUE', 'colour': 'blue', 'stim_condition': 'C', 'correct_res': 'b', 'thisN': 13, 'thisTrialN': 1, 'thisRepN': 3}>
14.0283 	DATA 	Keypress: r
14.0340 	EXP 	fixation: autoDraw = False
14.0340 	EXP 	text: autoDraw = False
14.0340 	EXP 	text: foreColor = <psychopy.colors.Color: blue, alpha=1.0>
14.0340 	EXP 	text: text = 'BLUE'
14.0340 	EXP 	fixation: autoDraw = True
14.1659 	EXP 	Device response: <KeyPress from None: t=14.015558149003482, value=r, duration=0.14824164999299683>
14.5160 	EXP 	fixation: autoDraw = False
14.5160 	EXP 	text: autoDraw = True
14.8827 	EXP 	Device response: <KeyPress from None: t=14.877453925997543, value=b, duration=None>
14.8830 	EXP 	New trial (rep=3, index=2): <Trial 14 (2 in rep 3) data={'word': 'RED', 'colour': 'red', 'stim_condition': 'C', 'correct_res': 'r', 'thisN': 14, 'thisTrialN': 2, 'thisRepN': 3}>
14.8875 	DATA 	Keypress: b
14.8944 	EXP 	fixation: autoDraw = False
14.8944 	EXP 	text: autoDraw = False
14.8944 	EXP 	text: foreColor = <psychopy.colors.Color: red, alpha=1.0>
14.8944 	EXP 	text: height = np.float64(0.05)
14.8944 	EXP 	text: height = np.float64(0.05)
14.8944 	EXP 	text: height = np.float64(0.05)
14.8944 	EXP 	text: text = 'RED'
14.8944 	EXP 	fixation: autoDraw = True
15.0088 	EXP 	Device response: <KeyPress from None: t=14.877453925997543, value=b, duration=0.1283223700011149>
15.3839 	EXP 	fixation: autoDraw = False
15.3839 	EXP 	text: autoDraw = True
15.7923 	EXP 	Device response: <KeyPress from None: t=15.787362018003478, value=r, duration=None>
15.7926 	EXP 	New trial (rep=3, index=3): <Trial 15 (3 in rep 3) data={'word': 'RED', 'colour': 'blue', 'stim_condition': 'I', 'correct_res': 'b', 'thisN': 15, 'thisTrialN': 3, 'thisRepN': 3}>
15.7952 	DATA 	Keypress: r
15.8003 	EXP 	fixation: autoDraw = False
15.8003 	EXP 	text: autoDraw = False
15.8003 	EXP 	text: foreColor = <psychopy.colors.Color: blue, alpha=1.0>
15.8003 	EXP 	text: text = 'RED'
15.8003 	EXP 	fixation: autoDraw = True
15.9419 	EXP 	Device response: <KeyPress from None: t=15.787362018003478, value=r, duration=0.14435042599507142>
16.2910 	EXP 	fixation: autoDraw = False
16.2910 	EXP 	text: autoDraw = True
16.7923 	EXP 	Device response: <KeyPress from None: t=16.788354263997462, value=b, duration=None>
16.7925 	EXP 	New trial (rep=4, index=0): <Trial 16 (0 in rep 4) data={'word': 'BLUE', 'colour': 'blue', 'stim_condition': 'C', 'correct_res': 'b', 'thisN': 16, 'thisTrialN': 0, 'thisRepN': 4}>
16.7969 	DATA 	Keypress: b
16.8026 	EXP 	fixation: autoDraw = False
16.8026 	EXP 	text: autoDraw = False
16.8026 	EXP 	text: foreColor = <psychopy.colors.Color: blue, alpha=1.0>
16.8026 	EXP 	text: height = np.float64(0.05)
16.8026 	EXP 	text: height = np.float64(0.05)
16.8026 	EXP 	text: height = np.float64(0.05)
16.8026 	EXP 	text: text = 'BLUE'
16.8026 	EXP 	fixation: autoDraw = True
16.9161 	EXP 	Device response: <KeyPress from None: t=16.788354263997462, value=b, duration=0.12039983400609344>
17.2832 	EXP 	fixation: autoDraw = False
17.2832 	EXP 	text: autoDraw = True
17.7925 	EXP 	Device response: <KeyPress from None: t=17.788362475999747, value=b, duration=None>
17.7927 	EXP 	New trial (rep=4, index=1): <Trial 17 (1 in rep 4) data={'word': 'BLUE', 'colour': 'red', 'stim_condition': 'I', 'correct_res': 'r', 'thisN': 17, 'thisTrialN': 1, 'thisRepN': 4}>
17.7953 	DATA 	Keypress: b
17.8011 	EXP 	fixation: autoDraw = False
17.8011 	EXP 	text: autoDraw = False
17.8011 	EXP 	text: foreColor = <psychopy.colors.Color: red, alpha=1.0>
17.8011 	EXP 	text: text = 'BLUE'
17.8011 	EXP 	fixation: autoDraw = True
17.9166 	EXP 	Device response: <KeyPress from None: t=17.788362475999747, value=b, duration=0.12019013700046344>
18.2916 	EXP 	fixation: autoDraw = False
18.2916 	EXP 	text: autoDraw = True
18.9757 	EXP 	Device response: <KeyPress from None: t=18.97332378199644, value=r, duration=None>
18.9760 	EXP 	New trial (rep=4, index=2): <Trial 18 (2 in rep 4) data={'word': 'RED', 'colour': 'red', 'stim_condition': 'C', 'correct_res': 'r', 'thisN': 18, 'thisTrialN': 2, 'thisRepN': 4}>
18.9804 	DATA 	Keypress: r
18.9869 	EXP 	fixation: autoDraw = False
18.9869 	EXP 	text: autoDraw = False
18.9869 	EXP 	text: foreColor = <psychopy.colors.Color: red, alpha=1.0>
18.9869 	EXP 	text: height = np.float64(0.05)
18.9869 	EXP 	text: height = np.float64(0.05)
18.9869 	EXP 	text: height = np.float64(0.05)
18.9869 	EXP 	text: text = 'RED'
18.9869 	EXP 	fixation: autoDraw = True
19.1423 	EXP 	Device response: <KeyPress from None: t=18.97332378199644, value=r, duration=0.16031478400691412>
19.4749 	EXP 	fixation: autoDraw = False
19.4749 	EXP 	text: autoDraw = True
19.7593 	EXP 	Device response: <KeyPress from None: t=19.75821201499639, value=r, duration=None>
19.7596 	EXP 	New trial (rep=4, index=3): <Trial 19 (3 in rep 4) data={'word': 'RED', 'colour': 'blue', 'stim_condition': 'I', 'correct_res': 'b', 'thisN': 19, 'thisTrialN': 3, 'thisRepN': 4}>
19.7660 	EXP 	fixation: autoDraw = False
19.7660 	EXP 	text: autoDraw = False
19.7660 	EXP 	text: foreColor = <psychopy.colors.Color: blue, alpha=1.0>
19.7660 	EXP 	text: text = 'RED'
19.7660 	EXP 	fixation: autoDraw = True
19.7690 	DATA 	Keypress: r
19.9165 	EXP 	Device response: <KeyPress from None: t=19.75821201499639, value=r, duration=0.1562038200063398>
20.2585 	EXP 	fixation: autoDraw = False
20.2585 	EXP 	text: autoDraw = True
20.6257 	EXP 	Device response: <KeyPress from None: t=20.623189782003465, value=b, duration=None>
20.6260 	EXP 	New trial (rep=5, index=0): <Trial 20 (0 in rep 5) data={'word': 'RED', 'colour': 'blue', 'stim_condition': 'I', 'correct_res': 'b', 'thisN': 20, 'thisTrialN': 0, 'thisRepN': 5}>
20.6286 	DATA 	Keypress: b
20.6346 	EXP 	fixation: autoDraw = False
20.6346 	EXP 	text: autoDraw = False
20.6346 	EXP 	text: foreColor = <psychopy.colors.Color: blue, alpha=1.0>
20.6346 	EXP 	text: text = 'RED'
20.6346 	EXP 	fixation: autoDraw = True
20.7584 	EXP 	Device response: <KeyPress from None: t=20.623189782003465, value=b, duration=0.12432191999687348>
21.1247 	EXP 	fixation: autoDraw = False
21.1247 	EXP 	text: autoDraw = True
21.3926 	EXP 	Device response: <KeyPress from None: t=21.39118691600015, value=b, duration=None>
21.3929 	EXP 	New trial (rep=5, index=1): <Trial 21 (1 in rep 5) data={'word': 'BLUE', 'colour': 'red', 'stim_condition': 'I', 'correct_res': 'r', 'thisN': 21, 'thisTrialN': 1, 'thisRepN': 5}>
21.3973 	DATA 	Keypress: b
21.4032 	EXP 	fixation: autoDraw = False
21.4032 	EXP 	text: autoDraw = False
21.4032 	EXP 	text: foreColor = <psychopy.colors.Color: red, alpha=1.0>
21.4032 	EXP 	text: height = np.float64(0.05)
21.4032 	EXP 	text: height = np.float64(0.05)
21.4032 	EXP 	text: height = np.float64(0.05)
21.4032 	EXP 	text: text = 'BLUE'
21.4032 	EXP 	fixation: autoDraw = True
21.5320 	EXP 	Device response: <KeyPress from None: t=21.39118691600015, value=b, duration=0.1363744010013761>
21.8915 	EXP 	fixation: autoDraw = False
21.8915 	EXP 	text: autoDraw = True
22.4255 	EXP 	Device response: <KeyPress from None: t=22.42211207299988, value=r, duration=None>
22.4258 	EXP 	New trial (rep=5, index=2): <Trial 22 (2 in rep 5) data={'word': 'BLUE', 'colour': 'blue', 'stim_condition': 'C', 'correct_res': 'b', 'thisN': 22, 'thisTrialN': 2, 'thisRepN': 5}>
22.4283 	DATA 	Keypress: r
22.4340 	EXP 	fixation: autoDraw = False
22.4340 	EXP 	text: autoDraw = False
22.4340 	EXP 	text: foreColor = <psychopy.colors.Color: blue, alpha=1.0>
22.4340 	EXP 	text: text = 'BLUE'
22.4340 	EXP 	fixation: autoDraw = True
22.5918 	EXP 	Device response: <KeyPress from None: t=22.42211207299988, value=r, duration=0.16432519500085618>
22.9245 	EXP 	fixation: autoDraw = False
22.9245 	EXP 	text: autoDraw = True
23.3655 	EXP 	Device response: <KeyPress from None: t=23.364125150998007, value=b, duration=None>
23.3658 	EXP 	New trial (rep=5, index=3): <Trial 23 (3 in rep 5) data={'word': 'RED', 'colour': 'red', 'stim_condition': 'C', 'correct_res': 'r', 'thisN': 23, 'thisTrialN': 3, 'thisRepN': 5}>
23.3702 	DATA 	Keypress: b
23.3774 	EXP 	fixation: autoDraw = False
23.3774 	EXP 	text: autoDraw = False
23.3774 	EXP 	text: foreColor = <psychopy.colors.Color: red, alpha=1.0>
23.3774 	EXP 	text: height = np.float64(0.05)
23.3774 	EXP 	text: height = np.float64(0.05)
23.3774 	EXP 	text: height = np.float64(0.05)
23.3774 	EXP 	text: text = 'RED'
23.3774 	EXP 	fixation: autoDraw = True
23.4921 	EXP 	Device response: <KeyPress from None: t=23.364125150998007, value=b, duration=0.12610285299888346>
23.8659 	EXP 	fixation: autoDraw = False
23.8659 	EXP 	text: autoDraw = True
24.2987 	EXP 	Device response: <KeyPress from None: t=24.2959875680026, value=r, duration=None>
24.2990 	EXP 	New trial (rep=6, index=0): <Trial 24 (0 in rep 6) data={'word': 'BLUE', 'colour': 'blue', 'stim_condition': 'C', 'correct_res': 'b', 'thisN': 24, 'thisTrialN': 0, 'thisRepN': 6}>
24.3032 	DATA 	Keypress: r
24.3239 	EXP 	fixation: autoDraw = False
24.3239 	EXP 	text: autoDraw = False
24.3239 	EXP 	text: foreColor = <psychopy.colors.Color: blue, alpha=1.0>
24.3239 	EXP 	text: height = np.float64(0.05)
24.3239 	EXP 	text: height = np.float64(0.05)
24.3239 	EXP 	text: height = np.float64(0.05)
24.3239 	EXP 	text: text = 'BLUE'
24.3239 	EXP 	fixation: autoDraw = True
24.4421 	EXP 	Device response: <KeyPress from None: t=24.2959875680026, value=r, duration=0.14438003999384819>
24.7994 	EXP 	fixation: autoDraw = False
24.7994 	EXP 	text: autoDraw = True
25.1654 	EXP 	Device response: <KeyPress from None: t=25.16102082499856, value=b, duration=None>
25.1657 	EXP 	New trial (rep=6, index=1): <Trial 25 (1 in rep 6) data={'word': 'RED', 'colour': 'blue', 'stim_condition': 'I', 'correct_res': 'b', 'thisN': 25, 'thisTrialN': 1, 'thisRepN': 6}>
25.1703 	DATA 	Keypress: b
25.1776 	EXP 	fixation: autoDraw = False
25.1776 	EXP 	text: autoDraw = False
25.1776 	EXP 	text: foreColor = <psychopy.colors.Color: blue, alpha=1.0>
25.1776 	EXP 	text: height = np.float64(0.05)
25.1776 	EXP 	text: height = np.float64(0.05)
25.1776 	EXP 	text: height = np.float64(0.05)
25.1776 	EXP 	text: text = 'RED'
25.1776 	EXP 	fixation: autoDraw = True
25.3087 	EXP 	Device response: <KeyPress from None: t=25.16102082499856, value=b, duration=0.14418869300425285>
25.6663 	EXP 	fixation: autoDraw = False
25.6663 	EXP 	text: autoDraw = True
26.0320 	EXP 	Device response: <KeyPress from None: t=26.029910054996435, value=b, duration=None>
26.0323 	EXP 	New trial (rep=6, index=2): <Trial 26 (2 in rep 6) data={'word': 'RED', 'colour': 'red', 'stim_condition': 'C', 'correct_res': 'r', 'thisN': 26, 'thisTrialN': 2, 'thisRepN': 6}>
26.0409 	EXP 	fixation: autoDraw = False
26.0409 	EXP 	text: autoDraw = False
26.0409 	EXP 	text: foreColor = <psychopy.colors.Color: red, alpha=1.0>
26.0409 	EXP 	text: text = 'RED'
26.0409 	EXP 	fixation: autoDraw = True
26.0434 	DATA 	Keypress: b
26.1752 	EXP 	Device response: <KeyPress from None: t=26.029910054996435, value=b, duration=0.13643810100620613>
26.5312 	EXP 	fixation: autoDraw = False
26.5312 	EXP 	text: autoDraw = True
27.0918 	EXP 	Device response: <KeyPress from None: t=27.085919475997798, value=r, duration=None>
27.0921 	EXP 	New trial (rep=6, index=3): <Trial 27 (3 in rep 6) data={'word': 'BLUE', 'colour': 'red', 'stim_condition': 'I', 'correct_res': 'r', 'thisN': 27, 'thisTrialN': 3, 'thisRepN': 6}>
27.0964 	DATA 	Keypress: r
27.1021 	EXP 	fixation: autoDraw = False
27.1021 	EXP 	text: autoDraw = False
27.1021 	EXP 	text: foreColor = <psychopy.colors.Color: red, alpha=1.0>
27.1021 	EXP 	text: height = np.float64(0.05)
27.1021 	EXP 	text: height = np.float64(0.05)
27.1021 	EXP 	text: height = np.float64(0.05)
27.1021 	EXP 	text: text = 'BLUE'
27.1021 	EXP 	fixation: autoDraw = True
27.2588 	EXP 	Device response: <KeyPress from None: t=27.085919475997798, value=r, duration=0.16807766599958995>
27.5827 	EXP 	fixation: autoDraw = False
27.5827 	EXP 	text: autoDraw = True
27.8990 	EXP 	Device response: <KeyPress from None: t=27.891882445997908, value=r, duration=None>
27.8993 	EXP 	New trial (rep=7, index=0): <Trial 28 (0 in rep 7) data={'word': 'RED', 'colour': 'blue', 'stim_condition': 'I', 'correct_res': 'b', 'thisN': 28, 'thisTrialN': 0, 'thisRepN': 7}>
27.9038 	DATA 	Keypress: r
27.9108 	EXP 	fixation: autoDraw = False
27.9108 	EXP 	text: autoDraw = False
27.9108 	EXP 	text: foreColor = <psychopy.colors.Color: blue, alpha=1.0>
27.9108 	EXP 	text: height = np.float64(0.05)
27.9108 	EXP 	text: height = np.float64(0.05)
27.9108 	EXP 	text: height = np.float64(0.05)
27.9108 	EXP 	text: text = 'RED'
27.9108 	EXP 	fixation: autoDraw = True
28.0421 	EXP 	Device response: <KeyPress from None: t=27.891882445997908, value=r, duration=0.14415094700234476>
28.4001 	EXP 	fixation: autoDraw = False
28.4001 	EXP 	text: autoDraw = True
28.8591 	EXP 	Device response: <KeyPress from None: t=28.856801831003395, value=b, duration=None>
28.8594 	EXP 	New trial (rep=7, index=1): <Trial 29 (1 in rep 7) data={'word': 'BLUE', 'colour': 'blue', 'stim_condition': 'C', 'correct_res': 'b', 'thisN': 29, 'thisTrialN': 1, 'thisRepN': 7}>
28.8637 	DATA 	Keypress: b
28.8703 	EXP 	fixation: autoDraw = False
28.8703 	EXP 	text: autoDraw = False
28.8703 	EXP 	text: foreColor = <psychopy.colors.Color: blue, alpha=1.0>
28.8703 	EXP 	text: height = np.float64(0.05)
28.8703 	EXP 	text: height = np.float64(0.05)
28.8703 	EXP 	text: height = np.float64(0.05)
28.8703 	EXP 	text: text = 'BLUE'
28.8703 	EXP 	fixation: autoDraw = True
28.9995 	EXP 	Device response: <KeyPress from None: t=28.856801831003395, value=b, duration=0.14030623699363787>
29.3584 	EXP 	fixation: autoDraw = False
29.3584 	EXP 	text: autoDraw = True
29.6661 	EXP 	Device response: <KeyPress from None: t=29.661781454997254, value=b, duration=None>
29.6664 	EXP 	New trial (rep=7, index=2): <Trial 30 (2 in rep 7) data={'word': 'BLUE', 'colour': 'red', 'stim_condition': 'I', 'correct_res': 'r', 'thisN': 30, 'thisTrialN': 2, 'thisRepN': 7}>
29.6690 	DATA 	Keypress: b
29.6752 	EXP 	fixation: autoDraw = False
29.6752 	EXP 	text: autoDraw = False
29.6752 	EXP 	text: foreColor = <psychopy.colors.Color: red, alpha=1.0>
29.6752 	EXP 	text: text = 'BLUE'
29.6752 	EXP 	fixation: autoDraw = True
29.7996 	EXP 	Device response: <KeyPress from None: t=29.661781454997254, value=b, duration=0.13245819200528786>
30.1661 	EXP 	fixation: autoDraw = False
30.1661 	EXP 	text: autoDraw = True
30.6586 	EXP 	Device response: <KeyPress from None: t=30.65573308600142, value=r, duration=None>
30.6589 	EXP 	New trial (rep=7, index=3): <Trial 31 (3 in rep 7) data={'word': 'RED', 'colour': 'red', 'stim_condition': 'C', 'correct_res': 'r', 'thisN': 31, 'thisTrialN': 3, 'thisRepN': 7}>
30.6633 	DATA 	Keypress: r
30.6696 	EXP 	fixation: autoDraw = False
30.6696 	EXP 	text: autoDraw = False
30.6696 	EXP 	text: foreColor = <psychopy.colors.Color: red, alpha=1.0>
30.6696 	EXP 	text: height = np.float64(0.05)
30.6696 	EXP 	text: height = np.float64(0.05)
30.6696 	EXP 	text: height = np.float64(0.05)
30.6696 	EXP 	text: text = 'RED'
30.6696 	EXP 	fixation: autoDraw = True
30.8587 	EXP 	Device response: <KeyPress from None: t=30.65573308600142, value=r, duration=0.20032656299736118>
31.1580 	EXP 	fixation: autoDraw = False
31.1580 	EXP 	text: autoDraw = True
31.4917 	EXP 	Device response: <KeyPress from None: t=31.484691286997986, value=r, duration=None>
31.4920 	EXP 	New trial (rep=8, index=0): <Trial 32 (0 in rep 8) data={'word': 'BLUE', 'colour': 'red', 'stim_condition': 'I', 'correct_res': 'r', 'thisN': 32, 'thisTrialN': 0, 'thisRepN': 8}>
31.4969 	DATA 	Keypress: r
31.5026 	EXP 	fixation: autoDraw = False
31.5026 	EXP 	text: autoDraw = False
31.5026 	EXP 	text: foreColor = <psychopy.colors.Color: red, alpha=1.0>
31.5026 	EXP 	text: height = np.float64(0.05)
31.5026 	EXP 	text: height = np.float64(0.05)
31.5026 	EXP 	text: height = np.float64(0.05)
31.5026 	EXP 	text: text = 'BLUE'
31.5026 	EXP 	fixation: autoDraw = True
31.6496 	EXP 	Device response: <KeyPress from None: t=31.484691286997986, value=r, duration=0.16044516900001327>
31.9832 	EXP 	fixation: autoDraw = False
31.9832 	EXP 	text: autoDraw = True
32.4327 	EXP 	Device response: <KeyPress from None: t=32.425642166002945, value=r, duration=None>
32.4330 	EXP 	New trial (rep=8, index=1): <Trial 33 (1 in rep 8) data={'word': 'BLUE', 'colour': 'blue', 'stim_condition': 'C', 'correct_res': 'b', 'thisN': 33, 'thisTrialN': 1, 'thisRepN': 8}>
32.4356 	DATA 	Keypress: r
32.4418 	EXP 	fixation: autoDraw = False
32.4418 	EXP 	text: autoDraw = False
32.4418 	EXP 	text: foreColor = <psychopy.colors.Color: blue, alpha=1.0>
32.4418 	EXP 	text: text = 'BLUE'
32.4418 	EXP 	fixation: autoDraw = True
32.6082 	EXP 	Device response: <KeyPress from None: t=32.425642166002945, value=r, duration=0.17637859599926742>
32.9324 	EXP 	fixation: autoDraw = False
32.9324 	EXP 	text: autoDraw = True
33.3322 	EXP 	Device response: <KeyPress from None: t=33.328753993002465, value=b, duration=None>
33.3325 	EXP 	New trial (rep=8, index=2): <Trial 34 (2 in rep 8) data={'word': 'RED', 'colour': 'blue', 'stim_condition': 'I', 'correct_res': 'b', 'thisN': 34, 'thisTrialN': 2, 'thisRepN': 8}>
33.3368 	DATA 	Keypress: b
33.3440 	EXP 	fixation: autoDraw = False
33.3440 	EXP 	text: autoDraw = False
33.3440 	EXP 	text: foreColor = <psychopy.colors.Color: blue, alpha=1.0>
33.3440 	EXP 	text: height = np.float64(0.05)
33.3440 	EXP 	text: height = np.float64(0.05)
33.3440 	EXP 	text: height = np.float64(0.05)
33.3440 	EXP 	text: text = 'RED'
33.3440 	EXP 	fixation: autoDraw = True
33.4753 	EXP 	Device response: <KeyPress from None: t=33.328753993002465, value=b, duration=0.14404511199973058>
33.8326 	EXP 	fixation: autoDraw = False
33.8326 	EXP 	text: autoDraw = True
34.0918 	EXP 	Device response: <KeyPress from None: t=34.08665388599911, value=b, duration=None>
34.0921 	EXP 	New trial (rep=8, index=3): <Trial 35 (3 in rep 8) data={'word': 'RED', 'colour': 'red', 'stim_condition': 'C', 'correct_res': 'r', 'thisN': 35, 'thisTrialN': 3, 'thisRepN': 8}>
34.0947 	DATA 	Keypress: b
34.1004 	EXP 	fixation: autoDraw = False
34.1004 	EXP 	text: autoDraw = False
34.1004 	EXP 	text: foreColor = <psychopy.colors.Color: red, alpha=1.0>
34.1004 	EXP 	text: text = 'RED'
34.1004 	EXP 	fixation: autoDraw = True
34.2086 	EXP 	Device response: <KeyPress from None: t=34.08665388599911, value=b, duration=0.1201869880023878>
34.5820 	EXP 	fixation: autoDraw = False
34.5820 	EXP 	text: autoDraw = True
35.1419 	EXP 	Device response: <KeyPress from None: t=35.13346809500217, value=r, duration=None>
35.1422 	EXP 	New trial (rep=9, index=0): <Trial 36 (0 in rep 9) data={'word': 'BLUE', 'colour': 'red', 'stim_condition': 'I', 'correct_res': 'r', 'thisN': 36, 'thisTrialN': 0, 'thisRepN': 9}>
35.1465 	DATA 	Keypress: r
35.1522 	EXP 	fixation: autoDraw = False
35.1522 	EXP 	text: autoDraw = False
35.1522 	EXP 	text: foreColor = <psychopy.colors.Color: red, alpha=1.0>
35.1522 	EXP 	text: height = np.float64(0.05)
35.1522 	EXP 	text: height = np.float64(0.05)
35.1522 	EXP 	text: height = np.float64(0.05)
35.1522 	EXP 	text: text = 'BLUE'
35.1522 	EXP 	fixation: autoDraw = True
35.2919 	EXP 	Device response: <KeyPress from None: t=35.13346809500217, value=r, duration=0.15633199899457395>
35.6330 	EXP 	fixation: autoDraw = False
35.6330 	EXP 	text: autoDraw = True
36.0087 	EXP 	Device response: <KeyPress from None: t=36.00047232799989, value=r, duration=None>
36.0090 	EXP 	New trial (rep=9, index=1): <Trial 37 (1 in rep 9) data={'word': 'BLUE', 'colour': 'blue', 'stim_condition': 'C', 'correct_res': 'b', 'thisN': 37, 'thisTrialN': 1, 'thisRepN': 9}>
36.0119 	DATA 	Keypress: r
36.0176 	EXP 	fixation: autoDraw = False
36.0176 	EXP 	text: autoDraw = False
36.0176 	EXP 	text: foreColor = <psychopy.colors.Color: blue, alpha=1.0>
36.0176 	EXP 	text: text = 'BLUE'
36.0176 	EXP 	fixation: autoDraw = True
36.1584 	EXP 	Device response: <KeyPress from None: t=36.00047232799989, value=r, duration=0.1525374010016094>
36.5079 	EXP 	fixation: autoDraw = False
36.5079 	EXP 	text: autoDraw = True
36.9084 	EXP 	Device response: <KeyPress from None: t=36.89839960000245, value=b, duration=None>
36.9087 	EXP 	New trial (rep=9, index=2): <Trial 38 (2 in rep 9) data={'word': 'RED', 'colour': 'blue', 'stim_condition': 'I', 'correct_res': 'b', 'thisN': 38, 'thisTrialN': 2, 'thisRepN': 9}>
36.9131 	DATA 	Keypress: b
36.9188 	EXP 	fixation: autoDraw = False
36.9188 	EXP 	text: autoDraw = False
36.9188 	EXP 	text: foreColor = <psychopy.colors.Color: blue, alpha=1.0>
36.9188 	EXP 	text: height = np.float64(0.05)
36.9188 	EXP 	text: height = np.float64(0.05)
36.9188 	EXP 	text: height = np.float64(0.05)
36.9188 	EXP 	text: text = 'RED'
36.9188 	EXP 	fixation: autoDraw = True
37.0655 	EXP 	Device response: <KeyPress from None: t=36.89839960000245, value=b, duration=0.16432808199897408>
37.3994 	EXP 	fixation: autoDraw = False
37.3994 	EXP 	text: autoDraw = True
37.9322 	EXP 	Device response: <KeyPress from None: t=37.927450811999734, value=b, duration=None>
37.9325 	EXP 	New trial (rep=9, index=3): <Trial 39 (3 in rep 9) data={'word': 'RED', 'colour': 'red', 'stim_condition': 'C', 'correct_res': 'r', 'thisN': 39, 'thisTrialN': 3, 'thisRepN': 9}>
37.9351 	DATA 	Keypress: b
37.9412 	EXP 	fixation: autoDraw = False
37.9412 	EXP 	text: autoDraw = False
37.9412 	EXP 	text: foreColor = <psychopy.colors.Color: red, alpha=1.0>
37.9412 	EXP 	text: text = 'RED'
37.9412 	EXP 	fixation: autoDraw = True
38.0492 	EXP 	Device response: <KeyPress from None: t=37.927450811999734, value=b, duration=0.12019372999930056>
38.4328 	EXP 	fixation: autoDraw = False
38.4328 	EXP 	text: autoDraw = True
38.7583 	EXP 	Device response: <KeyPress from None: t=38.748452471001656, value=r, duration=None>
38.7618 	DATA 	Keypress: r
38.7675 	EXP 	fixation: autoDraw = False
38.7675 	EXP 	text: autoDraw = False
38.7675 	EXP 	text_3: autoDraw = True
38.8989 	EXP 	Device response: <KeyPress from None: t=38.748452471001656, value=r, duration=0.14404969699535286>
39.7637 	EXP 	text_3: autoDraw = False
39.7637 	EXP 	text_3: autoDraw = False
39.7638 	EXP 	stroop: status = STOPPED
39.7798 	INFO 	saved data to '/Users/ayk-j/Desktop/Stroop Task/data/03_stroop_2025-08-26_09h37.03.210.csv'
39.7809 	INFO 	saved data to /Users/ayk-j/Desktop/Stroop Task/data/03_stroop_2025-08-26_09h37.03.210.psydat
40.5847 	WARNING 	Stopping key buffers but this could be dangerous ifother keyboards rely on the same.
40.5848 	WARNING 	Stopping key buffers but this could be dangerous ifother keyboards rely on the same.
